[2015-07-15 19:15:57,248][INFO ][node                     ] [Puff Adder] version[1.6.0], pid[7810], build[cdd3ac4/2015-06-09T13:36:34Z]
[2015-07-15 19:15:57,248][INFO ][node                     ] [Puff Adder] initializing ...
[2015-07-15 19:15:57,262][INFO ][plugins                  ] [Puff Adder] loaded [analysis-ik], sites []
[2015-07-15 19:15:57,368][INFO ][env                      ] [Puff Adder] using [1] data paths, mounts [[/ (/dev/disk0s2)]], net usable_space [63.1gb], net total_space [232.9gb], types [hfs]
[2015-07-15 19:16:00,411][INFO ][node                     ] [Puff Adder] initialized
[2015-07-15 19:16:00,411][INFO ][node                     ] [Puff Adder] starting ...
[2015-07-15 19:16:00,536][INFO ][transport                ] [Puff Adder] bound_address {inet[/0:0:0:0:0:0:0:0:9300]}, publish_address {inet[/10.2.21.41:9300]}
[2015-07-15 19:16:00,600][INFO ][discovery                ] [Puff Adder] elasticsearch/ITISw9t1STuazAQ4jRHuMw
[2015-07-15 19:16:04,390][INFO ][cluster.service          ] [Puff Adder] new_master [Puff Adder][ITISw9t1STuazAQ4jRHuMw][xurenludeMacBook-Pro.local][inet[/10.2.21.41:9300]], reason: zen-disco-join (elected_as_master)
[2015-07-15 19:16:04,407][INFO ][http                     ] [Puff Adder] bound_address {inet[/0:0:0:0:0:0:0:0:9200]}, publish_address {inet[/10.2.21.41:9200]}
[2015-07-15 19:16:04,408][INFO ][node                     ] [Puff Adder] started
[2015-07-15 19:16:04,424][INFO ][gateway                  ] [Puff Adder] recovered [0] indices into cluster_state
[2015-07-15 19:17:40,917][DEBUG][action.admin.indices.create] [Puff Adder] [index] failed to create
org.elasticsearch.indices.IndexCreationException: [index] failed to create index
	at org.elasticsearch.indices.IndicesService.createIndex(IndicesService.java:338)
	at org.elasticsearch.cluster.metadata.MetaDataCreateIndexService$2.execute(MetaDataCreateIndexService.java:371)
	at org.elasticsearch.cluster.service.InternalClusterService$UpdateTask.run(InternalClusterService.java:374)
	at org.elasticsearch.common.util.concurrent.PrioritizedEsThreadPoolExecutor$TieBreakingPrioritizedRunnable.runAndClean(PrioritizedEsThreadPoolExecutor.java:188)
	at org.elasticsearch.common.util.concurrent.PrioritizedEsThreadPoolExecutor$TieBreakingPrioritizedRunnable.run(PrioritizedEsThreadPoolExecutor.java:158)
	at java.util.concurrent.ThreadPoolExecutor.runWorker(ThreadPoolExecutor.java:1142)
	at java.util.concurrent.ThreadPoolExecutor$Worker.run(ThreadPoolExecutor.java:617)
	at java.lang.Thread.run(Thread.java:745)
Caused by: java.lang.NoClassDefFoundError: org/apache/http/client/ClientProtocolException
	at org.elasticsearch.index.analysis.IkTokenizerFactory.<init>(IkTokenizerFactory.java:25)
	at sun.reflect.NativeConstructorAccessorImpl.newInstance0(Native Method)
	at sun.reflect.NativeConstructorAccessorImpl.newInstance(NativeConstructorAccessorImpl.java:62)
	at sun.reflect.DelegatingConstructorAccessorImpl.newInstance(DelegatingConstructorAccessorImpl.java:45)
	at java.lang.reflect.Constructor.newInstance(Constructor.java:408)
	at org.elasticsearch.common.inject.DefaultConstructionProxyFactory$1.newInstance(DefaultConstructionProxyFactory.java:54)
	at org.elasticsearch.common.inject.ConstructorInjector.construct(ConstructorInjector.java:86)
	at org.elasticsearch.common.inject.ConstructorBindingImpl$Factory.get(ConstructorBindingImpl.java:98)
	at org.elasticsearch.common.inject.FactoryProxy.get(FactoryProxy.java:52)
	at org.elasticsearch.common.inject.InjectorImpl$5$1.call(InjectorImpl.java:781)
	at org.elasticsearch.common.inject.InjectorImpl.callInContext(InjectorImpl.java:837)
	at org.elasticsearch.common.inject.InjectorImpl$5.get(InjectorImpl.java:777)
	at org.elasticsearch.common.inject.assistedinject.FactoryProvider2.invoke(FactoryProvider2.java:221)
	at com.sun.proxy.$Proxy15.create(Unknown Source)
	at org.elasticsearch.index.analysis.AnalysisService.<init>(AnalysisService.java:82)
	at sun.reflect.NativeConstructorAccessorImpl.newInstance0(Native Method)
	at sun.reflect.NativeConstructorAccessorImpl.newInstance(NativeConstructorAccessorImpl.java:62)
	at sun.reflect.DelegatingConstructorAccessorImpl.newInstance(DelegatingConstructorAccessorImpl.java:45)
	at java.lang.reflect.Constructor.newInstance(Constructor.java:408)
	at org.elasticsearch.common.inject.DefaultConstructionProxyFactory$1.newInstance(DefaultConstructionProxyFactory.java:54)
	at org.elasticsearch.common.inject.ConstructorInjector.construct(ConstructorInjector.java:86)
	at org.elasticsearch.common.inject.ConstructorBindingImpl$Factory.get(ConstructorBindingImpl.java:98)
	at org.elasticsearch.common.inject.ProviderToInternalFactoryAdapter$1.call(ProviderToInternalFactoryAdapter.java:45)
	at org.elasticsearch.common.inject.InjectorImpl.callInContext(InjectorImpl.java:837)
	at org.elasticsearch.common.inject.ProviderToInternalFactoryAdapter.get(ProviderToInternalFactoryAdapter.java:42)
	at org.elasticsearch.common.inject.Scopes$1$1.get(Scopes.java:57)
	at org.elasticsearch.common.inject.InternalFactoryToProviderAdapter.get(InternalFactoryToProviderAdapter.java:45)
	at org.elasticsearch.common.inject.SingleParameterInjector.inject(SingleParameterInjector.java:42)
	at org.elasticsearch.common.inject.SingleParameterInjector.getAll(SingleParameterInjector.java:66)
	at org.elasticsearch.common.inject.ConstructorInjector.construct(ConstructorInjector.java:85)
	at org.elasticsearch.common.inject.ConstructorBindingImpl$Factory.get(ConstructorBindingImpl.java:98)
	at org.elasticsearch.common.inject.ProviderToInternalFactoryAdapter$1.call(ProviderToInternalFactoryAdapter.java:45)
	at org.elasticsearch.common.inject.InjectorImpl.callInContext(InjectorImpl.java:837)
	at org.elasticsearch.common.inject.ProviderToInternalFactoryAdapter.get(ProviderToInternalFactoryAdapter.java:42)
	at org.elasticsearch.common.inject.Scopes$1$1.get(Scopes.java:57)
	at org.elasticsearch.common.inject.InternalFactoryToProviderAdapter.get(InternalFactoryToProviderAdapter.java:45)
	at org.elasticsearch.common.inject.SingleParameterInjector.inject(SingleParameterInjector.java:42)
	at org.elasticsearch.common.inject.SingleParameterInjector.getAll(SingleParameterInjector.java:66)
	at org.elasticsearch.common.inject.ConstructorInjector.construct(ConstructorInjector.java:85)
	at org.elasticsearch.common.inject.ConstructorBindingImpl$Factory.get(ConstructorBindingImpl.java:98)
	at org.elasticsearch.common.inject.FactoryProxy.get(FactoryProxy.java:52)
	at org.elasticsearch.common.inject.ProviderToInternalFactoryAdapter$1.call(ProviderToInternalFactoryAdapter.java:45)
	at org.elasticsearch.common.inject.InjectorImpl.callInContext(InjectorImpl.java:837)
	at org.elasticsearch.common.inject.ProviderToInternalFactoryAdapter.get(ProviderToInternalFactoryAdapter.java:42)
	at org.elasticsearch.common.inject.Scopes$1$1.get(Scopes.java:57)
	at org.elasticsearch.common.inject.InternalFactoryToProviderAdapter.get(InternalFactoryToProviderAdapter.java:45)
	at org.elasticsearch.common.inject.InjectorBuilder$1.call(InjectorBuilder.java:200)
	at org.elasticsearch.common.inject.InjectorBuilder$1.call(InjectorBuilder.java:193)
	at org.elasticsearch.common.inject.InjectorImpl.callInContext(InjectorImpl.java:830)
	at org.elasticsearch.common.inject.InjectorBuilder.loadEagerSingletons(InjectorBuilder.java:193)
	at org.elasticsearch.common.inject.InjectorBuilder.injectDynamically(InjectorBuilder.java:175)
	at org.elasticsearch.common.inject.InjectorBuilder.build(InjectorBuilder.java:110)
	at org.elasticsearch.common.inject.InjectorImpl.createChildInjector(InjectorImpl.java:131)
	at org.elasticsearch.common.inject.ModulesBuilder.createChildInjector(ModulesBuilder.java:69)
	at org.elasticsearch.indices.IndicesService.createIndex(IndicesService.java:336)
	... 7 more
Caused by: java.lang.ClassNotFoundException: org.apache.http.client.ClientProtocolException
	at java.net.URLClassLoader$1.run(URLClassLoader.java:372)
	at java.net.URLClassLoader$1.run(URLClassLoader.java:361)
	at java.security.AccessController.doPrivileged(Native Method)
	at java.net.URLClassLoader.findClass(URLClassLoader.java:360)
	at java.lang.ClassLoader.loadClass(ClassLoader.java:424)
	at sun.misc.Launcher$AppClassLoader.loadClass(Launcher.java:308)
	at java.lang.ClassLoader.loadClass(ClassLoader.java:357)
	... 62 more
[2015-07-15 19:21:38,943][INFO ][node                     ] [Puff Adder] stopping ...
[2015-07-15 19:21:38,958][INFO ][node                     ] [Puff Adder] stopped
[2015-07-15 19:21:38,958][INFO ][node                     ] [Puff Adder] closing ...
[2015-07-15 19:21:38,967][INFO ][node                     ] [Puff Adder] closed
[2015-07-15 19:23:14,653][INFO ][node                     ] [Shadrac] version[1.6.0], pid[8110], build[cdd3ac4/2015-06-09T13:36:34Z]
[2015-07-15 19:23:14,654][INFO ][node                     ] [Shadrac] initializing ...
[2015-07-15 19:23:14,679][INFO ][plugins                  ] [Shadrac] loaded [analysis-ik], sites []
[2015-07-15 19:23:14,754][INFO ][env                      ] [Shadrac] using [1] data paths, mounts [[/ (/dev/disk0s2)]], net usable_space [63gb], net total_space [232.9gb], types [hfs]
[2015-07-15 19:23:18,314][INFO ][node                     ] [Shadrac] initialized
[2015-07-15 19:23:18,315][INFO ][node                     ] [Shadrac] starting ...
[2015-07-15 19:23:18,447][INFO ][transport                ] [Shadrac] bound_address {inet[/0:0:0:0:0:0:0:0:9300]}, publish_address {inet[/10.2.21.41:9300]}
[2015-07-15 19:23:18,478][INFO ][discovery                ] [Shadrac] elasticsearch/KuYCgqRrTg6OgdHbiHjPig
[2015-07-15 19:23:22,268][INFO ][cluster.service          ] [Shadrac] new_master [Shadrac][KuYCgqRrTg6OgdHbiHjPig][xurenludeMacBook-Pro.local][inet[/10.2.21.41:9300]], reason: zen-disco-join (elected_as_master)
[2015-07-15 19:23:22,288][INFO ][http                     ] [Shadrac] bound_address {inet[/0:0:0:0:0:0:0:0:9200]}, publish_address {inet[/10.2.21.41:9200]}
[2015-07-15 19:23:22,288][INFO ][node                     ] [Shadrac] started
[2015-07-15 19:23:22,298][INFO ][gateway                  ] [Shadrac] recovered [0] indices into cluster_state
[2015-07-15 19:23:35,969][INFO ][ik-analyzer              ] [Dict Loading]ik/custom/mydict.dic
[2015-07-15 19:23:35,970][INFO ][ik-analyzer              ] [Dict Loading]ik/custom/single_word_low_freq.dic
[2015-07-15 19:23:36,046][INFO ][ik-analyzer              ] [Dict Loading]ik/custom/ext_stopword.dic
[2015-07-15 19:23:36,155][INFO ][cluster.metadata         ] [Shadrac] [index] creating index, cause [api], templates [], shards [5]/[1], mappings []
[2015-07-15 19:23:48,233][INFO ][cluster.metadata         ] [Shadrac] [index] create_mapping [fulltext]
[2015-07-15 19:23:54,577][INFO ][cluster.metadata         ] [Shadrac] [index] update_mapping [fulltext] (dynamic)
[2015-07-15 19:25:58,610][DEBUG][action.search.type       ] [Shadrac] [index][4], node[KuYCgqRrTg6OgdHbiHjPig], [P], s[STARTED]: Failed to execute [org.elasticsearch.action.search.SearchRequest@7ff3ed48] lastShard [true]
org.elasticsearch.search.SearchParseException: [index][4]: from[-1],size[-1]: Parse Failure [Failed to parse source [
{
    "query" : { "content" : "中国 渔船" },
    "highlight" : {
        "pre_tags" : ["<tag1>", "<tag2>"],
        "post_tags" : ["</tag1>", "</tag2>"],
        "fields" : {
            "content" : {}
        }
    }
}
]]
	at org.elasticsearch.search.SearchService.parseSource(SearchService.java:735)
	at org.elasticsearch.search.SearchService.createContext(SearchService.java:560)
	at org.elasticsearch.search.SearchService.createAndPutContext(SearchService.java:532)
	at org.elasticsearch.search.SearchService.executeQueryPhase(SearchService.java:294)
	at org.elasticsearch.search.action.SearchServiceTransportAction$5.call(SearchServiceTransportAction.java:231)
	at org.elasticsearch.search.action.SearchServiceTransportAction$5.call(SearchServiceTransportAction.java:228)
	at org.elasticsearch.search.action.SearchServiceTransportAction$23.run(SearchServiceTransportAction.java:559)
	at java.util.concurrent.ThreadPoolExecutor.runWorker(ThreadPoolExecutor.java:1142)
	at java.util.concurrent.ThreadPoolExecutor$Worker.run(ThreadPoolExecutor.java:617)
	at java.lang.Thread.run(Thread.java:745)
Caused by: org.elasticsearch.index.query.QueryParsingException: [index] [_na] query malformed, no field after start_object
	at org.elasticsearch.index.query.QueryParseContext.parseInnerQuery(QueryParseContext.java:295)
	at org.elasticsearch.index.query.IndexQueryParserService.innerParse(IndexQueryParserService.java:382)
	at org.elasticsearch.index.query.IndexQueryParserService.parse(IndexQueryParserService.java:281)
	at org.elasticsearch.index.query.IndexQueryParserService.parse(IndexQueryParserService.java:276)
	at org.elasticsearch.search.query.QueryParseElement.parse(QueryParseElement.java:33)
	at org.elasticsearch.search.SearchService.parseSource(SearchService.java:719)
	... 9 more
[2015-07-15 19:25:58,610][DEBUG][action.search.type       ] [Shadrac] [index][2], node[KuYCgqRrTg6OgdHbiHjPig], [P], s[STARTED]: Failed to execute [org.elasticsearch.action.search.SearchRequest@7ff3ed48] lastShard [true]
org.elasticsearch.search.SearchParseException: [index][2]: from[-1],size[-1]: Parse Failure [Failed to parse source [
{
    "query" : { "content" : "中国 渔船" },
    "highlight" : {
        "pre_tags" : ["<tag1>", "<tag2>"],
        "post_tags" : ["</tag1>", "</tag2>"],
        "fields" : {
            "content" : {}
        }
    }
}
]]
	at org.elasticsearch.search.SearchService.parseSource(SearchService.java:735)
	at org.elasticsearch.search.SearchService.createContext(SearchService.java:560)
	at org.elasticsearch.search.SearchService.createAndPutContext(SearchService.java:532)
	at org.elasticsearch.search.SearchService.executeQueryPhase(SearchService.java:294)
	at org.elasticsearch.search.action.SearchServiceTransportAction$5.call(SearchServiceTransportAction.java:231)
	at org.elasticsearch.search.action.SearchServiceTransportAction$5.call(SearchServiceTransportAction.java:228)
	at org.elasticsearch.search.action.SearchServiceTransportAction$23.run(SearchServiceTransportAction.java:559)
	at java.util.concurrent.ThreadPoolExecutor.runWorker(ThreadPoolExecutor.java:1142)
	at java.util.concurrent.ThreadPoolExecutor$Worker.run(ThreadPoolExecutor.java:617)
	at java.lang.Thread.run(Thread.java:745)
Caused by: org.elasticsearch.index.query.QueryParsingException: [index] [_na] query malformed, no field after start_object
	at org.elasticsearch.index.query.QueryParseContext.parseInnerQuery(QueryParseContext.java:295)
	at org.elasticsearch.index.query.IndexQueryParserService.innerParse(IndexQueryParserService.java:382)
	at org.elasticsearch.index.query.IndexQueryParserService.parse(IndexQueryParserService.java:281)
	at org.elasticsearch.index.query.IndexQueryParserService.parse(IndexQueryParserService.java:276)
	at org.elasticsearch.search.query.QueryParseElement.parse(QueryParseElement.java:33)
	at org.elasticsearch.search.SearchService.parseSource(SearchService.java:719)
	... 9 more
[2015-07-15 19:25:58,610][DEBUG][action.search.type       ] [Shadrac] [index][0], node[KuYCgqRrTg6OgdHbiHjPig], [P], s[STARTED]: Failed to execute [org.elasticsearch.action.search.SearchRequest@7ff3ed48] lastShard [true]
org.elasticsearch.search.SearchParseException: [index][0]: from[-1],size[-1]: Parse Failure [Failed to parse source [
{
    "query" : { "content" : "中国 渔船" },
    "highlight" : {
        "pre_tags" : ["<tag1>", "<tag2>"],
        "post_tags" : ["</tag1>", "</tag2>"],
        "fields" : {
            "content" : {}
        }
    }
}
]]
	at org.elasticsearch.search.SearchService.parseSource(SearchService.java:735)
	at org.elasticsearch.search.SearchService.createContext(SearchService.java:560)
	at org.elasticsearch.search.SearchService.createAndPutContext(SearchService.java:532)
	at org.elasticsearch.search.SearchService.executeQueryPhase(SearchService.java:294)
	at org.elasticsearch.search.action.SearchServiceTransportAction$5.call(SearchServiceTransportAction.java:231)
	at org.elasticsearch.search.action.SearchServiceTransportAction$5.call(SearchServiceTransportAction.java:228)
	at org.elasticsearch.search.action.SearchServiceTransportAction$23.run(SearchServiceTransportAction.java:559)
	at java.util.concurrent.ThreadPoolExecutor.runWorker(ThreadPoolExecutor.java:1142)
	at java.util.concurrent.ThreadPoolExecutor$Worker.run(ThreadPoolExecutor.java:617)
	at java.lang.Thread.run(Thread.java:745)
Caused by: org.elasticsearch.index.query.QueryParsingException: [index] [_na] query malformed, no field after start_object
	at org.elasticsearch.index.query.QueryParseContext.parseInnerQuery(QueryParseContext.java:295)
	at org.elasticsearch.index.query.IndexQueryParserService.innerParse(IndexQueryParserService.java:382)
	at org.elasticsearch.index.query.IndexQueryParserService.parse(IndexQueryParserService.java:281)
	at org.elasticsearch.index.query.IndexQueryParserService.parse(IndexQueryParserService.java:276)
	at org.elasticsearch.search.query.QueryParseElement.parse(QueryParseElement.java:33)
	at org.elasticsearch.search.SearchService.parseSource(SearchService.java:719)
	... 9 more
[2015-07-15 19:25:58,611][DEBUG][action.search.type       ] [Shadrac] [index][1], node[KuYCgqRrTg6OgdHbiHjPig], [P], s[STARTED]: Failed to execute [org.elasticsearch.action.search.SearchRequest@7ff3ed48]
org.elasticsearch.search.SearchParseException: [index][1]: from[-1],size[-1]: Parse Failure [Failed to parse source [
{
    "query" : { "content" : "中国 渔船" },
    "highlight" : {
        "pre_tags" : ["<tag1>", "<tag2>"],
        "post_tags" : ["</tag1>", "</tag2>"],
        "fields" : {
            "content" : {}
        }
    }
}
]]
	at org.elasticsearch.search.SearchService.parseSource(SearchService.java:735)
	at org.elasticsearch.search.SearchService.createContext(SearchService.java:560)
	at org.elasticsearch.search.SearchService.createAndPutContext(SearchService.java:532)
	at org.elasticsearch.search.SearchService.executeQueryPhase(SearchService.java:294)
	at org.elasticsearch.search.action.SearchServiceTransportAction$5.call(SearchServiceTransportAction.java:231)
	at org.elasticsearch.search.action.SearchServiceTransportAction$5.call(SearchServiceTransportAction.java:228)
	at org.elasticsearch.search.action.SearchServiceTransportAction$23.run(SearchServiceTransportAction.java:559)
	at java.util.concurrent.ThreadPoolExecutor.runWorker(ThreadPoolExecutor.java:1142)
	at java.util.concurrent.ThreadPoolExecutor$Worker.run(ThreadPoolExecutor.java:617)
	at java.lang.Thread.run(Thread.java:745)
Caused by: org.elasticsearch.index.query.QueryParsingException: [index] [_na] query malformed, no field after start_object
	at org.elasticsearch.index.query.QueryParseContext.parseInnerQuery(QueryParseContext.java:295)
	at org.elasticsearch.index.query.IndexQueryParserService.innerParse(IndexQueryParserService.java:382)
	at org.elasticsearch.index.query.IndexQueryParserService.parse(IndexQueryParserService.java:281)
	at org.elasticsearch.index.query.IndexQueryParserService.parse(IndexQueryParserService.java:276)
	at org.elasticsearch.search.query.QueryParseElement.parse(QueryParseElement.java:33)
	at org.elasticsearch.search.SearchService.parseSource(SearchService.java:719)
	... 9 more
[2015-07-15 19:25:58,610][DEBUG][action.search.type       ] [Shadrac] [index][3], node[KuYCgqRrTg6OgdHbiHjPig], [P], s[STARTED]: Failed to execute [org.elasticsearch.action.search.SearchRequest@7ff3ed48] lastShard [true]
org.elasticsearch.search.SearchParseException: [index][3]: from[-1],size[-1]: Parse Failure [Failed to parse source [
{
    "query" : { "content" : "中国 渔船" },
    "highlight" : {
        "pre_tags" : ["<tag1>", "<tag2>"],
        "post_tags" : ["</tag1>", "</tag2>"],
        "fields" : {
            "content" : {}
        }
    }
}
]]
	at org.elasticsearch.search.SearchService.parseSource(SearchService.java:735)
	at org.elasticsearch.search.SearchService.createContext(SearchService.java:560)
	at org.elasticsearch.search.SearchService.createAndPutContext(SearchService.java:532)
	at org.elasticsearch.search.SearchService.executeQueryPhase(SearchService.java:294)
	at org.elasticsearch.search.action.SearchServiceTransportAction$5.call(SearchServiceTransportAction.java:231)
	at org.elasticsearch.search.action.SearchServiceTransportAction$5.call(SearchServiceTransportAction.java:228)
	at org.elasticsearch.search.action.SearchServiceTransportAction$23.run(SearchServiceTransportAction.java:559)
	at java.util.concurrent.ThreadPoolExecutor.runWorker(ThreadPoolExecutor.java:1142)
	at java.util.concurrent.ThreadPoolExecutor$Worker.run(ThreadPoolExecutor.java:617)
	at java.lang.Thread.run(Thread.java:745)
Caused by: org.elasticsearch.index.query.QueryParsingException: [index] [_na] query malformed, no field after start_object
	at org.elasticsearch.index.query.QueryParseContext.parseInnerQuery(QueryParseContext.java:295)
	at org.elasticsearch.index.query.IndexQueryParserService.innerParse(IndexQueryParserService.java:382)
	at org.elasticsearch.index.query.IndexQueryParserService.parse(IndexQueryParserService.java:281)
	at org.elasticsearch.index.query.IndexQueryParserService.parse(IndexQueryParserService.java:276)
	at org.elasticsearch.search.query.QueryParseElement.parse(QueryParseElement.java:33)
	at org.elasticsearch.search.SearchService.parseSource(SearchService.java:719)
	... 9 more
[2015-07-15 19:25:58,617][DEBUG][action.search.type       ] [Shadrac] All shards failed for phase: [query]
org.elasticsearch.search.SearchParseException: [index][1]: from[-1],size[-1]: Parse Failure [Failed to parse source [
{
    "query" : { "content" : "中国 渔船" },
    "highlight" : {
        "pre_tags" : ["<tag1>", "<tag2>"],
        "post_tags" : ["</tag1>", "</tag2>"],
        "fields" : {
            "content" : {}
        }
    }
}
]]
	at org.elasticsearch.search.SearchService.parseSource(SearchService.java:735)
	at org.elasticsearch.search.SearchService.createContext(SearchService.java:560)
	at org.elasticsearch.search.SearchService.createAndPutContext(SearchService.java:532)
	at org.elasticsearch.search.SearchService.executeQueryPhase(SearchService.java:294)
	at org.elasticsearch.search.action.SearchServiceTransportAction$5.call(SearchServiceTransportAction.java:231)
	at org.elasticsearch.search.action.SearchServiceTransportAction$5.call(SearchServiceTransportAction.java:228)
	at org.elasticsearch.search.action.SearchServiceTransportAction$23.run(SearchServiceTransportAction.java:559)
	at java.util.concurrent.ThreadPoolExecutor.runWorker(ThreadPoolExecutor.java:1142)
	at java.util.concurrent.ThreadPoolExecutor$Worker.run(ThreadPoolExecutor.java:617)
	at java.lang.Thread.run(Thread.java:745)
Caused by: org.elasticsearch.index.query.QueryParsingException: [index] [_na] query malformed, no field after start_object
	at org.elasticsearch.index.query.QueryParseContext.parseInnerQuery(QueryParseContext.java:295)
	at org.elasticsearch.index.query.IndexQueryParserService.innerParse(IndexQueryParserService.java:382)
	at org.elasticsearch.index.query.IndexQueryParserService.parse(IndexQueryParserService.java:281)
	at org.elasticsearch.index.query.IndexQueryParserService.parse(IndexQueryParserService.java:276)
	at org.elasticsearch.search.query.QueryParseElement.parse(QueryParseElement.java:33)
	at org.elasticsearch.search.SearchService.parseSource(SearchService.java:719)
	... 9 more
[2015-07-15 19:26:05,266][DEBUG][action.search.type       ] [Shadrac] [index][0], node[KuYCgqRrTg6OgdHbiHjPig], [P], s[STARTED]: Failed to execute [org.elasticsearch.action.search.SearchRequest@7780a692] lastShard [true]
org.elasticsearch.search.SearchParseException: [index][0]: from[-1],size[-1]: Parse Failure [Failed to parse source [
{
    "query" : { "content" : "中国渔船" },
    "highlight" : {
        "pre_tags" : ["<tag1>", "<tag2>"],
        "post_tags" : ["</tag1>", "</tag2>"],
        "fields" : {
            "content" : {}
        }
    }
}
]]
	at org.elasticsearch.search.SearchService.parseSource(SearchService.java:735)
	at org.elasticsearch.search.SearchService.createContext(SearchService.java:560)
	at org.elasticsearch.search.SearchService.createAndPutContext(SearchService.java:532)
	at org.elasticsearch.search.SearchService.executeQueryPhase(SearchService.java:294)
	at org.elasticsearch.search.action.SearchServiceTransportAction$5.call(SearchServiceTransportAction.java:231)
	at org.elasticsearch.search.action.SearchServiceTransportAction$5.call(SearchServiceTransportAction.java:228)
	at org.elasticsearch.search.action.SearchServiceTransportAction$23.run(SearchServiceTransportAction.java:559)
	at java.util.concurrent.ThreadPoolExecutor.runWorker(ThreadPoolExecutor.java:1142)
	at java.util.concurrent.ThreadPoolExecutor$Worker.run(ThreadPoolExecutor.java:617)
	at java.lang.Thread.run(Thread.java:745)
Caused by: org.elasticsearch.index.query.QueryParsingException: [index] [_na] query malformed, no field after start_object
	at org.elasticsearch.index.query.QueryParseContext.parseInnerQuery(QueryParseContext.java:295)
	at org.elasticsearch.index.query.IndexQueryParserService.innerParse(IndexQueryParserService.java:382)
	at org.elasticsearch.index.query.IndexQueryParserService.parse(IndexQueryParserService.java:281)
	at org.elasticsearch.index.query.IndexQueryParserService.parse(IndexQueryParserService.java:276)
	at org.elasticsearch.search.query.QueryParseElement.parse(QueryParseElement.java:33)
	at org.elasticsearch.search.SearchService.parseSource(SearchService.java:719)
	... 9 more
[2015-07-15 19:26:05,266][DEBUG][action.search.type       ] [Shadrac] [index][2], node[KuYCgqRrTg6OgdHbiHjPig], [P], s[STARTED]: Failed to execute [org.elasticsearch.action.search.SearchRequest@7780a692] lastShard [true]
org.elasticsearch.search.SearchParseException: [index][2]: from[-1],size[-1]: Parse Failure [Failed to parse source [
{
    "query" : { "content" : "中国渔船" },
    "highlight" : {
        "pre_tags" : ["<tag1>", "<tag2>"],
        "post_tags" : ["</tag1>", "</tag2>"],
        "fields" : {
            "content" : {}
        }
    }
}
]]
	at org.elasticsearch.search.SearchService.parseSource(SearchService.java:735)
	at org.elasticsearch.search.SearchService.createContext(SearchService.java:560)
	at org.elasticsearch.search.SearchService.createAndPutContext(SearchService.java:532)
	at org.elasticsearch.search.SearchService.executeQueryPhase(SearchService.java:294)
	at org.elasticsearch.search.action.SearchServiceTransportAction$5.call(SearchServiceTransportAction.java:231)
	at org.elasticsearch.search.action.SearchServiceTransportAction$5.call(SearchServiceTransportAction.java:228)
	at org.elasticsearch.search.action.SearchServiceTransportAction$23.run(SearchServiceTransportAction.java:559)
	at java.util.concurrent.ThreadPoolExecutor.runWorker(ThreadPoolExecutor.java:1142)
	at java.util.concurrent.ThreadPoolExecutor$Worker.run(ThreadPoolExecutor.java:617)
	at java.lang.Thread.run(Thread.java:745)
Caused by: org.elasticsearch.index.query.QueryParsingException: [index] [_na] query malformed, no field after start_object
	at org.elasticsearch.index.query.QueryParseContext.parseInnerQuery(QueryParseContext.java:295)
	at org.elasticsearch.index.query.IndexQueryParserService.innerParse(IndexQueryParserService.java:382)
	at org.elasticsearch.index.query.IndexQueryParserService.parse(IndexQueryParserService.java:281)
	at org.elasticsearch.index.query.IndexQueryParserService.parse(IndexQueryParserService.java:276)
	at org.elasticsearch.search.query.QueryParseElement.parse(QueryParseElement.java:33)
	at org.elasticsearch.search.SearchService.parseSource(SearchService.java:719)
	... 9 more
[2015-07-15 19:26:05,266][DEBUG][action.search.type       ] [Shadrac] [index][4], node[KuYCgqRrTg6OgdHbiHjPig], [P], s[STARTED]: Failed to execute [org.elasticsearch.action.search.SearchRequest@7780a692]
org.elasticsearch.search.SearchParseException: [index][4]: from[-1],size[-1]: Parse Failure [Failed to parse source [
{
    "query" : { "content" : "中国渔船" },
    "highlight" : {
        "pre_tags" : ["<tag1>", "<tag2>"],
        "post_tags" : ["</tag1>", "</tag2>"],
        "fields" : {
            "content" : {}
        }
    }
}
]]
	at org.elasticsearch.search.SearchService.parseSource(SearchService.java:735)
	at org.elasticsearch.search.SearchService.createContext(SearchService.java:560)
	at org.elasticsearch.search.SearchService.createAndPutContext(SearchService.java:532)
	at org.elasticsearch.search.SearchService.executeQueryPhase(SearchService.java:294)
	at org.elasticsearch.search.action.SearchServiceTransportAction$5.call(SearchServiceTransportAction.java:231)
	at org.elasticsearch.search.action.SearchServiceTransportAction$5.call(SearchServiceTransportAction.java:228)
	at org.elasticsearch.search.action.SearchServiceTransportAction$23.run(SearchServiceTransportAction.java:559)
	at java.util.concurrent.ThreadPoolExecutor.runWorker(ThreadPoolExecutor.java:1142)
	at java.util.concurrent.ThreadPoolExecutor$Worker.run(ThreadPoolExecutor.java:617)
	at java.lang.Thread.run(Thread.java:745)
Caused by: org.elasticsearch.index.query.QueryParsingException: [index] [_na] query malformed, no field after start_object
	at org.elasticsearch.index.query.QueryParseContext.parseInnerQuery(QueryParseContext.java:295)
	at org.elasticsearch.index.query.IndexQueryParserService.innerParse(IndexQueryParserService.java:382)
	at org.elasticsearch.index.query.IndexQueryParserService.parse(IndexQueryParserService.java:281)
	at org.elasticsearch.index.query.IndexQueryParserService.parse(IndexQueryParserService.java:276)
	at org.elasticsearch.search.query.QueryParseElement.parse(QueryParseElement.java:33)
	at org.elasticsearch.search.SearchService.parseSource(SearchService.java:719)
	... 9 more
[2015-07-15 19:26:05,266][DEBUG][action.search.type       ] [Shadrac] [index][3], node[KuYCgqRrTg6OgdHbiHjPig], [P], s[STARTED]: Failed to execute [org.elasticsearch.action.search.SearchRequest@7780a692] lastShard [true]
org.elasticsearch.search.SearchParseException: [index][3]: from[-1],size[-1]: Parse Failure [Failed to parse source [
{
    "query" : { "content" : "中国渔船" },
    "highlight" : {
        "pre_tags" : ["<tag1>", "<tag2>"],
        "post_tags" : ["</tag1>", "</tag2>"],
        "fields" : {
            "content" : {}
        }
    }
}
]]
	at org.elasticsearch.search.SearchService.parseSource(SearchService.java:735)
	at org.elasticsearch.search.SearchService.createContext(SearchService.java:560)
	at org.elasticsearch.search.SearchService.createAndPutContext(SearchService.java:532)
	at org.elasticsearch.search.SearchService.executeQueryPhase(SearchService.java:294)
	at org.elasticsearch.search.action.SearchServiceTransportAction$5.call(SearchServiceTransportAction.java:231)
	at org.elasticsearch.search.action.SearchServiceTransportAction$5.call(SearchServiceTransportAction.java:228)
	at org.elasticsearch.search.action.SearchServiceTransportAction$23.run(SearchServiceTransportAction.java:559)
	at java.util.concurrent.ThreadPoolExecutor.runWorker(ThreadPoolExecutor.java:1142)
	at java.util.concurrent.ThreadPoolExecutor$Worker.run(ThreadPoolExecutor.java:617)
	at java.lang.Thread.run(Thread.java:745)
Caused by: org.elasticsearch.index.query.QueryParsingException: [index] [_na] query malformed, no field after start_object
	at org.elasticsearch.index.query.QueryParseContext.parseInnerQuery(QueryParseContext.java:295)
	at org.elasticsearch.index.query.IndexQueryParserService.innerParse(IndexQueryParserService.java:382)
	at org.elasticsearch.index.query.IndexQueryParserService.parse(IndexQueryParserService.java:281)
	at org.elasticsearch.index.query.IndexQueryParserService.parse(IndexQueryParserService.java:276)
	at org.elasticsearch.search.query.QueryParseElement.parse(QueryParseElement.java:33)
	at org.elasticsearch.search.SearchService.parseSource(SearchService.java:719)
	... 9 more
[2015-07-15 19:26:05,266][DEBUG][action.search.type       ] [Shadrac] [index][1], node[KuYCgqRrTg6OgdHbiHjPig], [P], s[STARTED]: Failed to execute [org.elasticsearch.action.search.SearchRequest@7780a692] lastShard [true]
org.elasticsearch.search.SearchParseException: [index][1]: from[-1],size[-1]: Parse Failure [Failed to parse source [
{
    "query" : { "content" : "中国渔船" },
    "highlight" : {
        "pre_tags" : ["<tag1>", "<tag2>"],
        "post_tags" : ["</tag1>", "</tag2>"],
        "fields" : {
            "content" : {}
        }
    }
}
]]
	at org.elasticsearch.search.SearchService.parseSource(SearchService.java:735)
	at org.elasticsearch.search.SearchService.createContext(SearchService.java:560)
	at org.elasticsearch.search.SearchService.createAndPutContext(SearchService.java:532)
	at org.elasticsearch.search.SearchService.executeQueryPhase(SearchService.java:294)
	at org.elasticsearch.search.action.SearchServiceTransportAction$5.call(SearchServiceTransportAction.java:231)
	at org.elasticsearch.search.action.SearchServiceTransportAction$5.call(SearchServiceTransportAction.java:228)
	at org.elasticsearch.search.action.SearchServiceTransportAction$23.run(SearchServiceTransportAction.java:559)
	at java.util.concurrent.ThreadPoolExecutor.runWorker(ThreadPoolExecutor.java:1142)
	at java.util.concurrent.ThreadPoolExecutor$Worker.run(ThreadPoolExecutor.java:617)
	at java.lang.Thread.run(Thread.java:745)
Caused by: org.elasticsearch.index.query.QueryParsingException: [index] [_na] query malformed, no field after start_object
	at org.elasticsearch.index.query.QueryParseContext.parseInnerQuery(QueryParseContext.java:295)
	at org.elasticsearch.index.query.IndexQueryParserService.innerParse(IndexQueryParserService.java:382)
	at org.elasticsearch.index.query.IndexQueryParserService.parse(IndexQueryParserService.java:281)
	at org.elasticsearch.index.query.IndexQueryParserService.parse(IndexQueryParserService.java:276)
	at org.elasticsearch.search.query.QueryParseElement.parse(QueryParseElement.java:33)
	at org.elasticsearch.search.SearchService.parseSource(SearchService.java:719)
	... 9 more
[2015-07-15 19:26:05,268][DEBUG][action.search.type       ] [Shadrac] All shards failed for phase: [query]
org.elasticsearch.search.SearchParseException: [index][4]: from[-1],size[-1]: Parse Failure [Failed to parse source [
{
    "query" : { "content" : "中国渔船" },
    "highlight" : {
        "pre_tags" : ["<tag1>", "<tag2>"],
        "post_tags" : ["</tag1>", "</tag2>"],
        "fields" : {
            "content" : {}
        }
    }
}
]]
	at org.elasticsearch.search.SearchService.parseSource(SearchService.java:735)
	at org.elasticsearch.search.SearchService.createContext(SearchService.java:560)
	at org.elasticsearch.search.SearchService.createAndPutContext(SearchService.java:532)
	at org.elasticsearch.search.SearchService.executeQueryPhase(SearchService.java:294)
	at org.elasticsearch.search.action.SearchServiceTransportAction$5.call(SearchServiceTransportAction.java:231)
	at org.elasticsearch.search.action.SearchServiceTransportAction$5.call(SearchServiceTransportAction.java:228)
	at org.elasticsearch.search.action.SearchServiceTransportAction$23.run(SearchServiceTransportAction.java:559)
	at java.util.concurrent.ThreadPoolExecutor.runWorker(ThreadPoolExecutor.java:1142)
	at java.util.concurrent.ThreadPoolExecutor$Worker.run(ThreadPoolExecutor.java:617)
	at java.lang.Thread.run(Thread.java:745)
Caused by: org.elasticsearch.index.query.QueryParsingException: [index] [_na] query malformed, no field after start_object
	at org.elasticsearch.index.query.QueryParseContext.parseInnerQuery(QueryParseContext.java:295)
	at org.elasticsearch.index.query.IndexQueryParserService.innerParse(IndexQueryParserService.java:382)
	at org.elasticsearch.index.query.IndexQueryParserService.parse(IndexQueryParserService.java:281)
	at org.elasticsearch.index.query.IndexQueryParserService.parse(IndexQueryParserService.java:276)
	at org.elasticsearch.search.query.QueryParseElement.parse(QueryParseElement.java:33)
	at org.elasticsearch.search.SearchService.parseSource(SearchService.java:719)
	... 9 more
[2015-07-15 19:31:53,456][DEBUG][action.search.type       ] [Shadrac] [index][2], node[KuYCgqRrTg6OgdHbiHjPig], [P], s[STARTED]: Failed to execute [org.elasticsearch.action.search.SearchRequest@8ab6ca0] lastShard [true]
org.elasticsearch.search.SearchParseException: [index][2]: from[-1],size[-1]: Parse Failure [Failed to parse source [
{
    "query" : { "multi_query":{ "query" : "中国渔船" ,"fields":["content"]}},
    "highlight" : {
        "pre_tags" : ["<tag1>", "<tag2>"],
        "post_tags" : ["</tag1>", "</tag2>"],
        "fields" : {
            "content" : {}
        }
    }
}
]]
	at org.elasticsearch.search.SearchService.parseSource(SearchService.java:735)
	at org.elasticsearch.search.SearchService.createContext(SearchService.java:560)
	at org.elasticsearch.search.SearchService.createAndPutContext(SearchService.java:532)
	at org.elasticsearch.search.SearchService.executeQueryPhase(SearchService.java:294)
	at org.elasticsearch.search.action.SearchServiceTransportAction$5.call(SearchServiceTransportAction.java:231)
	at org.elasticsearch.search.action.SearchServiceTransportAction$5.call(SearchServiceTransportAction.java:228)
	at org.elasticsearch.search.action.SearchServiceTransportAction$23.run(SearchServiceTransportAction.java:559)
	at java.util.concurrent.ThreadPoolExecutor.runWorker(ThreadPoolExecutor.java:1142)
	at java.util.concurrent.ThreadPoolExecutor$Worker.run(ThreadPoolExecutor.java:617)
	at java.lang.Thread.run(Thread.java:745)
Caused by: org.elasticsearch.index.query.QueryParsingException: [index] No query registered for [multi_query]
	at org.elasticsearch.index.query.QueryParseContext.parseInnerQuery(QueryParseContext.java:300)
	at org.elasticsearch.index.query.IndexQueryParserService.innerParse(IndexQueryParserService.java:382)
	at org.elasticsearch.index.query.IndexQueryParserService.parse(IndexQueryParserService.java:281)
	at org.elasticsearch.index.query.IndexQueryParserService.parse(IndexQueryParserService.java:276)
	at org.elasticsearch.search.query.QueryParseElement.parse(QueryParseElement.java:33)
	at org.elasticsearch.search.SearchService.parseSource(SearchService.java:719)
	... 9 more
[2015-07-15 19:31:53,456][DEBUG][action.search.type       ] [Shadrac] [index][4], node[KuYCgqRrTg6OgdHbiHjPig], [P], s[STARTED]: Failed to execute [org.elasticsearch.action.search.SearchRequest@8ab6ca0] lastShard [true]
org.elasticsearch.search.SearchParseException: [index][4]: from[-1],size[-1]: Parse Failure [Failed to parse source [
{
    "query" : { "multi_query":{ "query" : "中国渔船" ,"fields":["content"]}},
    "highlight" : {
        "pre_tags" : ["<tag1>", "<tag2>"],
        "post_tags" : ["</tag1>", "</tag2>"],
        "fields" : {
            "content" : {}
        }
    }
}
]]
	at org.elasticsearch.search.SearchService.parseSource(SearchService.java:735)
	at org.elasticsearch.search.SearchService.createContext(SearchService.java:560)
	at org.elasticsearch.search.SearchService.createAndPutContext(SearchService.java:532)
	at org.elasticsearch.search.SearchService.executeQueryPhase(SearchService.java:294)
	at org.elasticsearch.search.action.SearchServiceTransportAction$5.call(SearchServiceTransportAction.java:231)
	at org.elasticsearch.search.action.SearchServiceTransportAction$5.call(SearchServiceTransportAction.java:228)
	at org.elasticsearch.search.action.SearchServiceTransportAction$23.run(SearchServiceTransportAction.java:559)
	at java.util.concurrent.ThreadPoolExecutor.runWorker(ThreadPoolExecutor.java:1142)
	at java.util.concurrent.ThreadPoolExecutor$Worker.run(ThreadPoolExecutor.java:617)
	at java.lang.Thread.run(Thread.java:745)
Caused by: org.elasticsearch.index.query.QueryParsingException: [index] No query registered for [multi_query]
	at org.elasticsearch.index.query.QueryParseContext.parseInnerQuery(QueryParseContext.java:300)
	at org.elasticsearch.index.query.IndexQueryParserService.innerParse(IndexQueryParserService.java:382)
	at org.elasticsearch.index.query.IndexQueryParserService.parse(IndexQueryParserService.java:281)
	at org.elasticsearch.index.query.IndexQueryParserService.parse(IndexQueryParserService.java:276)
	at org.elasticsearch.search.query.QueryParseElement.parse(QueryParseElement.java:33)
	at org.elasticsearch.search.SearchService.parseSource(SearchService.java:719)
	... 9 more
[2015-07-15 19:31:53,456][DEBUG][action.search.type       ] [Shadrac] [index][0], node[KuYCgqRrTg6OgdHbiHjPig], [P], s[STARTED]: Failed to execute [org.elasticsearch.action.search.SearchRequest@8ab6ca0]
org.elasticsearch.search.SearchParseException: [index][0]: from[-1],size[-1]: Parse Failure [Failed to parse source [
{
    "query" : { "multi_query":{ "query" : "中国渔船" ,"fields":["content"]}},
    "highlight" : {
        "pre_tags" : ["<tag1>", "<tag2>"],
        "post_tags" : ["</tag1>", "</tag2>"],
        "fields" : {
            "content" : {}
        }
    }
}
]]
	at org.elasticsearch.search.SearchService.parseSource(SearchService.java:735)
	at org.elasticsearch.search.SearchService.createContext(SearchService.java:560)
	at org.elasticsearch.search.SearchService.createAndPutContext(SearchService.java:532)
	at org.elasticsearch.search.SearchService.executeQueryPhase(SearchService.java:294)
	at org.elasticsearch.search.action.SearchServiceTransportAction$5.call(SearchServiceTransportAction.java:231)
	at org.elasticsearch.search.action.SearchServiceTransportAction$5.call(SearchServiceTransportAction.java:228)
	at org.elasticsearch.search.action.SearchServiceTransportAction$23.run(SearchServiceTransportAction.java:559)
	at java.util.concurrent.ThreadPoolExecutor.runWorker(ThreadPoolExecutor.java:1142)
	at java.util.concurrent.ThreadPoolExecutor$Worker.run(ThreadPoolExecutor.java:617)
	at java.lang.Thread.run(Thread.java:745)
Caused by: org.elasticsearch.index.query.QueryParsingException: [index] No query registered for [multi_query]
	at org.elasticsearch.index.query.QueryParseContext.parseInnerQuery(QueryParseContext.java:300)
	at org.elasticsearch.index.query.IndexQueryParserService.innerParse(IndexQueryParserService.java:382)
	at org.elasticsearch.index.query.IndexQueryParserService.parse(IndexQueryParserService.java:281)
	at org.elasticsearch.index.query.IndexQueryParserService.parse(IndexQueryParserService.java:276)
	at org.elasticsearch.search.query.QueryParseElement.parse(QueryParseElement.java:33)
	at org.elasticsearch.search.SearchService.parseSource(SearchService.java:719)
	... 9 more
[2015-07-15 19:31:53,456][DEBUG][action.search.type       ] [Shadrac] [index][1], node[KuYCgqRrTg6OgdHbiHjPig], [P], s[STARTED]: Failed to execute [org.elasticsearch.action.search.SearchRequest@8ab6ca0] lastShard [true]
org.elasticsearch.search.SearchParseException: [index][1]: from[-1],size[-1]: Parse Failure [Failed to parse source [
{
    "query" : { "multi_query":{ "query" : "中国渔船" ,"fields":["content"]}},
    "highlight" : {
        "pre_tags" : ["<tag1>", "<tag2>"],
        "post_tags" : ["</tag1>", "</tag2>"],
        "fields" : {
            "content" : {}
        }
    }
}
]]
	at org.elasticsearch.search.SearchService.parseSource(SearchService.java:735)
	at org.elasticsearch.search.SearchService.createContext(SearchService.java:560)
	at org.elasticsearch.search.SearchService.createAndPutContext(SearchService.java:532)
	at org.elasticsearch.search.SearchService.executeQueryPhase(SearchService.java:294)
	at org.elasticsearch.search.action.SearchServiceTransportAction$5.call(SearchServiceTransportAction.java:231)
	at org.elasticsearch.search.action.SearchServiceTransportAction$5.call(SearchServiceTransportAction.java:228)
	at org.elasticsearch.search.action.SearchServiceTransportAction$23.run(SearchServiceTransportAction.java:559)
	at java.util.concurrent.ThreadPoolExecutor.runWorker(ThreadPoolExecutor.java:1142)
	at java.util.concurrent.ThreadPoolExecutor$Worker.run(ThreadPoolExecutor.java:617)
	at java.lang.Thread.run(Thread.java:745)
Caused by: org.elasticsearch.index.query.QueryParsingException: [index] No query registered for [multi_query]
	at org.elasticsearch.index.query.QueryParseContext.parseInnerQuery(QueryParseContext.java:300)
	at org.elasticsearch.index.query.IndexQueryParserService.innerParse(IndexQueryParserService.java:382)
	at org.elasticsearch.index.query.IndexQueryParserService.parse(IndexQueryParserService.java:281)
	at org.elasticsearch.index.query.IndexQueryParserService.parse(IndexQueryParserService.java:276)
	at org.elasticsearch.search.query.QueryParseElement.parse(QueryParseElement.java:33)
	at org.elasticsearch.search.SearchService.parseSource(SearchService.java:719)
	... 9 more
[2015-07-15 19:31:53,456][DEBUG][action.search.type       ] [Shadrac] [index][3], node[KuYCgqRrTg6OgdHbiHjPig], [P], s[STARTED]: Failed to execute [org.elasticsearch.action.search.SearchRequest@8ab6ca0] lastShard [true]
org.elasticsearch.search.SearchParseException: [index][3]: from[-1],size[-1]: Parse Failure [Failed to parse source [
{
    "query" : { "multi_query":{ "query" : "中国渔船" ,"fields":["content"]}},
    "highlight" : {
        "pre_tags" : ["<tag1>", "<tag2>"],
        "post_tags" : ["</tag1>", "</tag2>"],
        "fields" : {
            "content" : {}
        }
    }
}
]]
	at org.elasticsearch.search.SearchService.parseSource(SearchService.java:735)
	at org.elasticsearch.search.SearchService.createContext(SearchService.java:560)
	at org.elasticsearch.search.SearchService.createAndPutContext(SearchService.java:532)
	at org.elasticsearch.search.SearchService.executeQueryPhase(SearchService.java:294)
	at org.elasticsearch.search.action.SearchServiceTransportAction$5.call(SearchServiceTransportAction.java:231)
	at org.elasticsearch.search.action.SearchServiceTransportAction$5.call(SearchServiceTransportAction.java:228)
	at org.elasticsearch.search.action.SearchServiceTransportAction$23.run(SearchServiceTransportAction.java:559)
	at java.util.concurrent.ThreadPoolExecutor.runWorker(ThreadPoolExecutor.java:1142)
	at java.util.concurrent.ThreadPoolExecutor$Worker.run(ThreadPoolExecutor.java:617)
	at java.lang.Thread.run(Thread.java:745)
Caused by: org.elasticsearch.index.query.QueryParsingException: [index] No query registered for [multi_query]
	at org.elasticsearch.index.query.QueryParseContext.parseInnerQuery(QueryParseContext.java:300)
	at org.elasticsearch.index.query.IndexQueryParserService.innerParse(IndexQueryParserService.java:382)
	at org.elasticsearch.index.query.IndexQueryParserService.parse(IndexQueryParserService.java:281)
	at org.elasticsearch.index.query.IndexQueryParserService.parse(IndexQueryParserService.java:276)
	at org.elasticsearch.search.query.QueryParseElement.parse(QueryParseElement.java:33)
	at org.elasticsearch.search.SearchService.parseSource(SearchService.java:719)
	... 9 more
[2015-07-15 19:31:53,458][DEBUG][action.search.type       ] [Shadrac] All shards failed for phase: [query]
org.elasticsearch.search.SearchParseException: [index][0]: from[-1],size[-1]: Parse Failure [Failed to parse source [
{
    "query" : { "multi_query":{ "query" : "中国渔船" ,"fields":["content"]}},
    "highlight" : {
        "pre_tags" : ["<tag1>", "<tag2>"],
        "post_tags" : ["</tag1>", "</tag2>"],
        "fields" : {
            "content" : {}
        }
    }
}
]]
	at org.elasticsearch.search.SearchService.parseSource(SearchService.java:735)
	at org.elasticsearch.search.SearchService.createContext(SearchService.java:560)
	at org.elasticsearch.search.SearchService.createAndPutContext(SearchService.java:532)
	at org.elasticsearch.search.SearchService.executeQueryPhase(SearchService.java:294)
	at org.elasticsearch.search.action.SearchServiceTransportAction$5.call(SearchServiceTransportAction.java:231)
	at org.elasticsearch.search.action.SearchServiceTransportAction$5.call(SearchServiceTransportAction.java:228)
	at org.elasticsearch.search.action.SearchServiceTransportAction$23.run(SearchServiceTransportAction.java:559)
	at java.util.concurrent.ThreadPoolExecutor.runWorker(ThreadPoolExecutor.java:1142)
	at java.util.concurrent.ThreadPoolExecutor$Worker.run(ThreadPoolExecutor.java:617)
	at java.lang.Thread.run(Thread.java:745)
Caused by: org.elasticsearch.index.query.QueryParsingException: [index] No query registered for [multi_query]
	at org.elasticsearch.index.query.QueryParseContext.parseInnerQuery(QueryParseContext.java:300)
	at org.elasticsearch.index.query.IndexQueryParserService.innerParse(IndexQueryParserService.java:382)
	at org.elasticsearch.index.query.IndexQueryParserService.parse(IndexQueryParserService.java:281)
	at org.elasticsearch.index.query.IndexQueryParserService.parse(IndexQueryParserService.java:276)
	at org.elasticsearch.search.query.QueryParseElement.parse(QueryParseElement.java:33)
	at org.elasticsearch.search.SearchService.parseSource(SearchService.java:719)
	... 9 more
[2015-07-15 22:04:04,900][INFO ][cluster.metadata         ] [Shadrac] [supaper] creating index, cause [auto(index api)], templates [], shards [5]/[1], mappings [articles]
[2015-07-15 22:04:05,008][INFO ][cluster.metadata         ] [Shadrac] [supaper] update_mapping [articles] (dynamic)
[2015-07-15 22:18:30,338][DEBUG][action.admin.indices.mapping.put] [Shadrac] failed to put mappings on indices [[supaper]], type [articles]
org.elasticsearch.index.mapper.MapperParsingException: Root type mapping not empty after parsing! Remaining fields:   [fulltext : {_all={indexAnalyzer=ik, searchAnalyzer=ik, term_vector=no, store=false}, properties={content={type=string, store=no, term_vector=with_positions_offsets, indexAnalyzer=ik, searchAnalyzer=ik, include_in_all=true, boost=8}}}]
	at org.elasticsearch.index.mapper.DocumentMapperParser.parse(DocumentMapperParser.java:278)
	at org.elasticsearch.index.mapper.DocumentMapperParser.parseCompressed(DocumentMapperParser.java:192)
	at org.elasticsearch.index.mapper.MapperService.parse(MapperService.java:449)
	at org.elasticsearch.cluster.metadata.MetaDataMappingService$4.execute(MetaDataMappingService.java:505)
	at org.elasticsearch.cluster.service.InternalClusterService$UpdateTask.run(InternalClusterService.java:374)
	at org.elasticsearch.common.util.concurrent.PrioritizedEsThreadPoolExecutor$TieBreakingPrioritizedRunnable.runAndClean(PrioritizedEsThreadPoolExecutor.java:188)
	at org.elasticsearch.common.util.concurrent.PrioritizedEsThreadPoolExecutor$TieBreakingPrioritizedRunnable.run(PrioritizedEsThreadPoolExecutor.java:158)
	at java.util.concurrent.ThreadPoolExecutor.runWorker(ThreadPoolExecutor.java:1142)
	at java.util.concurrent.ThreadPoolExecutor$Worker.run(ThreadPoolExecutor.java:617)
	at java.lang.Thread.run(Thread.java:745)
[2015-07-15 22:18:52,586][DEBUG][action.admin.indices.mapping.put] [Shadrac] failed to put mappings on indices [[supaper]], type [articles]
org.elasticsearch.index.mapper.MergeMappingException: Merge failed with failures {[mapper [_all] has different index_analyzer, mapper [content] has different store_term_vector values, mapper [content] has different store_term_vector_offsets values, mapper [content] has different store_term_vector_positions values, mapper [content] has different index_analyzer]}
	at org.elasticsearch.cluster.metadata.MetaDataMappingService$4.execute(MetaDataMappingService.java:511)
	at org.elasticsearch.cluster.service.InternalClusterService$UpdateTask.run(InternalClusterService.java:374)
	at org.elasticsearch.common.util.concurrent.PrioritizedEsThreadPoolExecutor$TieBreakingPrioritizedRunnable.runAndClean(PrioritizedEsThreadPoolExecutor.java:188)
	at org.elasticsearch.common.util.concurrent.PrioritizedEsThreadPoolExecutor$TieBreakingPrioritizedRunnable.run(PrioritizedEsThreadPoolExecutor.java:158)
	at java.util.concurrent.ThreadPoolExecutor.runWorker(ThreadPoolExecutor.java:1142)
	at java.util.concurrent.ThreadPoolExecutor$Worker.run(ThreadPoolExecutor.java:617)
	at java.lang.Thread.run(Thread.java:745)
[2015-07-15 22:24:44,021][INFO ][cluster.metadata         ] [Shadrac] [supaper] deleting index
[2015-07-15 22:25:00,231][INFO ][cluster.metadata         ] [Shadrac] [supaper] creating index, cause [api], templates [], shards [5]/[1], mappings []
[2015-07-15 22:25:02,823][INFO ][cluster.metadata         ] [Shadrac] [supaper] create_mapping [articles]
[2015-07-15 22:25:48,129][INFO ][cluster.metadata         ] [Shadrac] [supaper] update_mapping [articles] (dynamic)
[2015-07-15 22:32:21,926][INFO ][cluster.metadata         ] [Shadrac] [supaper] update_mapping [articles] (dynamic)
[2015-07-15 23:17:13,514][DEBUG][action.search.type       ] [Shadrac] [316] Failed to execute fetch phase
org.elasticsearch.search.fetch.FetchPhaseExecutionException: [supaper][1]: query[filtered((content:故 content:b content:也 content:错)~3)->cache(_type:articles)],from[0],size[2]: Fetch Failed [Failed to highlight field [content]]
	at org.elasticsearch.search.highlight.FastVectorHighlighter.highlight(FastVectorHighlighter.java:177)
	at org.elasticsearch.search.highlight.HighlightPhase.hitExecute(HighlightPhase.java:133)
	at org.elasticsearch.search.fetch.FetchPhase.execute(FetchPhase.java:194)
	at org.elasticsearch.search.SearchService.executeFetchPhase(SearchService.java:504)
	at org.elasticsearch.search.action.SearchServiceTransportAction$17.call(SearchServiceTransportAction.java:452)
	at org.elasticsearch.search.action.SearchServiceTransportAction$17.call(SearchServiceTransportAction.java:449)
	at org.elasticsearch.search.action.SearchServiceTransportAction$23.run(SearchServiceTransportAction.java:559)
	at java.util.concurrent.ThreadPoolExecutor.runWorker(ThreadPoolExecutor.java:1142)
	at java.util.concurrent.ThreadPoolExecutor$Worker.run(ThreadPoolExecutor.java:617)
	at java.lang.Thread.run(Thread.java:745)
Caused by: java.lang.IllegalArgumentException: fragCharSize(8) is too small. It must be 18 or higher.
	at org.apache.lucene.search.vectorhighlight.BaseFragListBuilder.createFieldFragList(BaseFragListBuilder.java:51)
	at org.apache.lucene.search.vectorhighlight.SimpleFragListBuilder.createFieldFragList(SimpleFragListBuilder.java:39)
	at org.apache.lucene.search.vectorhighlight.FastVectorHighlighter.getFieldFragList(FastVectorHighlighter.java:232)
	at org.apache.lucene.search.vectorhighlight.FastVectorHighlighter.getBestFragments(FastVectorHighlighter.java:185)
	at org.elasticsearch.search.highlight.FastVectorHighlighter.highlight(FastVectorHighlighter.java:154)
	... 9 more
[2015-07-15 23:40:47,040][WARN ][transport.netty          ] [Shadrac] exception caught on transport layer [[id: 0xcd39c85a, /10.2.21.41:62633 => /10.2.21.41:9300]], closing connection
java.io.IOException: Operation timed out
	at sun.nio.ch.FileDispatcherImpl.read0(Native Method)
	at sun.nio.ch.SocketDispatcher.read(SocketDispatcher.java:39)
	at sun.nio.ch.IOUtil.readIntoNativeBuffer(IOUtil.java:223)
	at sun.nio.ch.IOUtil.read(IOUtil.java:192)
	at sun.nio.ch.SocketChannelImpl.read(SocketChannelImpl.java:379)
	at org.elasticsearch.common.netty.channel.socket.nio.NioWorker.read(NioWorker.java:64)
	at org.elasticsearch.common.netty.channel.socket.nio.AbstractNioWorker.process(AbstractNioWorker.java:108)
	at org.elasticsearch.common.netty.channel.socket.nio.AbstractNioSelector.run(AbstractNioSelector.java:337)
	at org.elasticsearch.common.netty.channel.socket.nio.AbstractNioWorker.run(AbstractNioWorker.java:89)
	at org.elasticsearch.common.netty.channel.socket.nio.NioWorker.run(NioWorker.java:178)
	at org.elasticsearch.common.netty.util.ThreadRenamingRunnable.run(ThreadRenamingRunnable.java:108)
	at org.elasticsearch.common.netty.util.internal.DeadLockProofWorker$1.run(DeadLockProofWorker.java:42)
	at java.util.concurrent.ThreadPoolExecutor.runWorker(ThreadPoolExecutor.java:1142)
	at java.util.concurrent.ThreadPoolExecutor$Worker.run(ThreadPoolExecutor.java:617)
	at java.lang.Thread.run(Thread.java:745)
[2015-07-15 23:40:47,040][WARN ][transport.netty          ] [Shadrac] exception caught on transport layer [[id: 0xf649d95f, /10.2.21.41:62632 => /10.2.21.41:9300]], closing connection
java.io.IOException: Operation timed out
	at sun.nio.ch.FileDispatcherImpl.read0(Native Method)
	at sun.nio.ch.SocketDispatcher.read(SocketDispatcher.java:39)
	at sun.nio.ch.IOUtil.readIntoNativeBuffer(IOUtil.java:223)
	at sun.nio.ch.IOUtil.read(IOUtil.java:192)
	at sun.nio.ch.SocketChannelImpl.read(SocketChannelImpl.java:379)
	at org.elasticsearch.common.netty.channel.socket.nio.NioWorker.read(NioWorker.java:64)
	at org.elasticsearch.common.netty.channel.socket.nio.AbstractNioWorker.process(AbstractNioWorker.java:108)
	at org.elasticsearch.common.netty.channel.socket.nio.AbstractNioSelector.run(AbstractNioSelector.java:337)
	at org.elasticsearch.common.netty.channel.socket.nio.AbstractNioWorker.run(AbstractNioWorker.java:89)
	at org.elasticsearch.common.netty.channel.socket.nio.NioWorker.run(NioWorker.java:178)
	at org.elasticsearch.common.netty.util.ThreadRenamingRunnable.run(ThreadRenamingRunnable.java:108)
	at org.elasticsearch.common.netty.util.internal.DeadLockProofWorker$1.run(DeadLockProofWorker.java:42)
	at java.util.concurrent.ThreadPoolExecutor.runWorker(ThreadPoolExecutor.java:1142)
	at java.util.concurrent.ThreadPoolExecutor$Worker.run(ThreadPoolExecutor.java:617)
	at java.lang.Thread.run(Thread.java:745)
[2015-07-15 23:40:47,040][WARN ][transport.netty          ] [Shadrac] exception caught on transport layer [[id: 0x2d2a2c11, /10.2.21.41:62631 => /10.2.21.41:9300]], closing connection
java.io.IOException: Operation timed out
	at sun.nio.ch.FileDispatcherImpl.read0(Native Method)
	at sun.nio.ch.SocketDispatcher.read(SocketDispatcher.java:39)
	at sun.nio.ch.IOUtil.readIntoNativeBuffer(IOUtil.java:223)
	at sun.nio.ch.IOUtil.read(IOUtil.java:192)
	at sun.nio.ch.SocketChannelImpl.read(SocketChannelImpl.java:379)
	at org.elasticsearch.common.netty.channel.socket.nio.NioWorker.read(NioWorker.java:64)
	at org.elasticsearch.common.netty.channel.socket.nio.AbstractNioWorker.process(AbstractNioWorker.java:108)
	at org.elasticsearch.common.netty.channel.socket.nio.AbstractNioSelector.run(AbstractNioSelector.java:337)
	at org.elasticsearch.common.netty.channel.socket.nio.AbstractNioWorker.run(AbstractNioWorker.java:89)
	at org.elasticsearch.common.netty.channel.socket.nio.NioWorker.run(NioWorker.java:178)
	at org.elasticsearch.common.netty.util.ThreadRenamingRunnable.run(ThreadRenamingRunnable.java:108)
	at org.elasticsearch.common.netty.util.internal.DeadLockProofWorker$1.run(DeadLockProofWorker.java:42)
	at java.util.concurrent.ThreadPoolExecutor.runWorker(ThreadPoolExecutor.java:1142)
	at java.util.concurrent.ThreadPoolExecutor$Worker.run(ThreadPoolExecutor.java:617)
	at java.lang.Thread.run(Thread.java:745)
[2015-07-15 23:40:47,040][WARN ][transport.netty          ] [Shadrac] exception caught on transport layer [[id: 0x13a24529, /10.2.21.41:62631 => /10.2.21.41:9300]], closing connection
java.io.IOException: Operation timed out
	at sun.nio.ch.FileDispatcherImpl.read0(Native Method)
	at sun.nio.ch.SocketDispatcher.read(SocketDispatcher.java:39)
	at sun.nio.ch.IOUtil.readIntoNativeBuffer(IOUtil.java:223)
	at sun.nio.ch.IOUtil.read(IOUtil.java:192)
	at sun.nio.ch.SocketChannelImpl.read(SocketChannelImpl.java:379)
	at org.elasticsearch.common.netty.channel.socket.nio.NioWorker.read(NioWorker.java:64)
	at org.elasticsearch.common.netty.channel.socket.nio.AbstractNioWorker.process(AbstractNioWorker.java:108)
	at org.elasticsearch.common.netty.channel.socket.nio.AbstractNioSelector.run(AbstractNioSelector.java:337)
	at org.elasticsearch.common.netty.channel.socket.nio.AbstractNioWorker.run(AbstractNioWorker.java:89)
	at org.elasticsearch.common.netty.channel.socket.nio.NioWorker.run(NioWorker.java:178)
	at org.elasticsearch.common.netty.util.ThreadRenamingRunnable.run(ThreadRenamingRunnable.java:108)
	at org.elasticsearch.common.netty.util.internal.DeadLockProofWorker$1.run(DeadLockProofWorker.java:42)
	at java.util.concurrent.ThreadPoolExecutor.runWorker(ThreadPoolExecutor.java:1142)
	at java.util.concurrent.ThreadPoolExecutor$Worker.run(ThreadPoolExecutor.java:617)
	at java.lang.Thread.run(Thread.java:745)
[2015-07-15 23:40:47,040][WARN ][transport.netty          ] [Shadrac] exception caught on transport layer [[id: 0xb9a0193d, /10.2.21.41:62638 => /10.2.21.41:9300]], closing connection
java.io.IOException: Operation timed out
	at sun.nio.ch.FileDispatcherImpl.read0(Native Method)
	at sun.nio.ch.SocketDispatcher.read(SocketDispatcher.java:39)
	at sun.nio.ch.IOUtil.readIntoNativeBuffer(IOUtil.java:223)
	at sun.nio.ch.IOUtil.read(IOUtil.java:192)
	at sun.nio.ch.SocketChannelImpl.read(SocketChannelImpl.java:379)
	at org.elasticsearch.common.netty.channel.socket.nio.NioWorker.read(NioWorker.java:64)
	at org.elasticsearch.common.netty.channel.socket.nio.AbstractNioWorker.process(AbstractNioWorker.java:108)
	at org.elasticsearch.common.netty.channel.socket.nio.AbstractNioSelector.run(AbstractNioSelector.java:337)
	at org.elasticsearch.common.netty.channel.socket.nio.AbstractNioWorker.run(AbstractNioWorker.java:89)
	at org.elasticsearch.common.netty.channel.socket.nio.NioWorker.run(NioWorker.java:178)
	at org.elasticsearch.common.netty.util.ThreadRenamingRunnable.run(ThreadRenamingRunnable.java:108)
	at org.elasticsearch.common.netty.util.internal.DeadLockProofWorker$1.run(DeadLockProofWorker.java:42)
	at java.util.concurrent.ThreadPoolExecutor.runWorker(ThreadPoolExecutor.java:1142)
	at java.util.concurrent.ThreadPoolExecutor$Worker.run(ThreadPoolExecutor.java:617)
	at java.lang.Thread.run(Thread.java:745)
[2015-07-15 23:40:47,044][WARN ][transport.netty          ] [Shadrac] exception caught on transport layer [[id: 0x45bad547, /10.2.21.41:62630 => /10.2.21.41:9300]], closing connection
java.io.IOException: Operation timed out
	at sun.nio.ch.FileDispatcherImpl.read0(Native Method)
	at sun.nio.ch.SocketDispatcher.read(SocketDispatcher.java:39)
	at sun.nio.ch.IOUtil.readIntoNativeBuffer(IOUtil.java:223)
	at sun.nio.ch.IOUtil.read(IOUtil.java:192)
	at sun.nio.ch.SocketChannelImpl.read(SocketChannelImpl.java:379)
	at org.elasticsearch.common.netty.channel.socket.nio.NioWorker.read(NioWorker.java:64)
	at org.elasticsearch.common.netty.channel.socket.nio.AbstractNioWorker.process(AbstractNioWorker.java:108)
	at org.elasticsearch.common.netty.channel.socket.nio.AbstractNioSelector.run(AbstractNioSelector.java:337)
	at org.elasticsearch.common.netty.channel.socket.nio.AbstractNioWorker.run(AbstractNioWorker.java:89)
	at org.elasticsearch.common.netty.channel.socket.nio.NioWorker.run(NioWorker.java:178)
	at org.elasticsearch.common.netty.util.ThreadRenamingRunnable.run(ThreadRenamingRunnable.java:108)
	at org.elasticsearch.common.netty.util.internal.DeadLockProofWorker$1.run(DeadLockProofWorker.java:42)
	at java.util.concurrent.ThreadPoolExecutor.runWorker(ThreadPoolExecutor.java:1142)
	at java.util.concurrent.ThreadPoolExecutor$Worker.run(ThreadPoolExecutor.java:617)
	at java.lang.Thread.run(Thread.java:745)
[2015-07-15 23:40:47,040][WARN ][transport.netty          ] [Shadrac] exception caught on transport layer [[id: 0xd67ddf2d, /10.2.21.41:62634 => /10.2.21.41:9300]], closing connection
java.io.IOException: Operation timed out
	at sun.nio.ch.FileDispatcherImpl.read0(Native Method)
	at sun.nio.ch.SocketDispatcher.read(SocketDispatcher.java:39)
	at sun.nio.ch.IOUtil.readIntoNativeBuffer(IOUtil.java:223)
	at sun.nio.ch.IOUtil.read(IOUtil.java:192)
	at sun.nio.ch.SocketChannelImpl.read(SocketChannelImpl.java:379)
	at org.elasticsearch.common.netty.channel.socket.nio.NioWorker.read(NioWorker.java:64)
	at org.elasticsearch.common.netty.channel.socket.nio.AbstractNioWorker.process(AbstractNioWorker.java:108)
	at org.elasticsearch.common.netty.channel.socket.nio.AbstractNioSelector.run(AbstractNioSelector.java:337)
	at org.elasticsearch.common.netty.channel.socket.nio.AbstractNioWorker.run(AbstractNioWorker.java:89)
	at org.elasticsearch.common.netty.channel.socket.nio.NioWorker.run(NioWorker.java:178)
	at org.elasticsearch.common.netty.util.ThreadRenamingRunnable.run(ThreadRenamingRunnable.java:108)
	at org.elasticsearch.common.netty.util.internal.DeadLockProofWorker$1.run(DeadLockProofWorker.java:42)
	at java.util.concurrent.ThreadPoolExecutor.runWorker(ThreadPoolExecutor.java:1142)
	at java.util.concurrent.ThreadPoolExecutor$Worker.run(ThreadPoolExecutor.java:617)
	at java.lang.Thread.run(Thread.java:745)
[2015-07-15 23:40:47,040][WARN ][transport.netty          ] [Shadrac] exception caught on transport layer [[id: 0xd759bbf4, /10.2.21.41:62632 => /10.2.21.41:9300]], closing connection
java.io.IOException: Operation timed out
	at sun.nio.ch.FileDispatcherImpl.read0(Native Method)
	at sun.nio.ch.SocketDispatcher.read(SocketDispatcher.java:39)
	at sun.nio.ch.IOUtil.readIntoNativeBuffer(IOUtil.java:223)
	at sun.nio.ch.IOUtil.read(IOUtil.java:192)
	at sun.nio.ch.SocketChannelImpl.read(SocketChannelImpl.java:379)
	at org.elasticsearch.common.netty.channel.socket.nio.NioWorker.read(NioWorker.java:64)
	at org.elasticsearch.common.netty.channel.socket.nio.AbstractNioWorker.process(AbstractNioWorker.java:108)
	at org.elasticsearch.common.netty.channel.socket.nio.AbstractNioSelector.run(AbstractNioSelector.java:337)
	at org.elasticsearch.common.netty.channel.socket.nio.AbstractNioWorker.run(AbstractNioWorker.java:89)
	at org.elasticsearch.common.netty.channel.socket.nio.NioWorker.run(NioWorker.java:178)
	at org.elasticsearch.common.netty.util.ThreadRenamingRunnable.run(ThreadRenamingRunnable.java:108)
	at org.elasticsearch.common.netty.util.internal.DeadLockProofWorker$1.run(DeadLockProofWorker.java:42)
	at java.util.concurrent.ThreadPoolExecutor.runWorker(ThreadPoolExecutor.java:1142)
	at java.util.concurrent.ThreadPoolExecutor$Worker.run(ThreadPoolExecutor.java:617)
	at java.lang.Thread.run(Thread.java:745)
[2015-07-15 23:40:47,047][WARN ][transport.netty          ] [Shadrac] exception caught on transport layer [[id: 0x9f37f5b9, /10.2.21.41:62640 => /10.2.21.41:9300]], closing connection
java.io.IOException: Operation timed out
	at sun.nio.ch.FileDispatcherImpl.read0(Native Method)
	at sun.nio.ch.SocketDispatcher.read(SocketDispatcher.java:39)
	at sun.nio.ch.IOUtil.readIntoNativeBuffer(IOUtil.java:223)
	at sun.nio.ch.IOUtil.read(IOUtil.java:192)
	at sun.nio.ch.SocketChannelImpl.read(SocketChannelImpl.java:379)
	at org.elasticsearch.common.netty.channel.socket.nio.NioWorker.read(NioWorker.java:64)
	at org.elasticsearch.common.netty.channel.socket.nio.AbstractNioWorker.process(AbstractNioWorker.java:108)
	at org.elasticsearch.common.netty.channel.socket.nio.AbstractNioSelector.run(AbstractNioSelector.java:337)
	at org.elasticsearch.common.netty.channel.socket.nio.AbstractNioWorker.run(AbstractNioWorker.java:89)
	at org.elasticsearch.common.netty.channel.socket.nio.NioWorker.run(NioWorker.java:178)
	at org.elasticsearch.common.netty.util.ThreadRenamingRunnable.run(ThreadRenamingRunnable.java:108)
	at org.elasticsearch.common.netty.util.internal.DeadLockProofWorker$1.run(DeadLockProofWorker.java:42)
	at java.util.concurrent.ThreadPoolExecutor.runWorker(ThreadPoolExecutor.java:1142)
	at java.util.concurrent.ThreadPoolExecutor$Worker.run(ThreadPoolExecutor.java:617)
	at java.lang.Thread.run(Thread.java:745)
[2015-07-15 23:40:47,040][WARN ][transport.netty          ] [Shadrac] exception caught on transport layer [[id: 0x9c861af7, /10.2.21.41:62638 => /10.2.21.41:9300]], closing connection
java.io.IOException: Operation timed out
	at sun.nio.ch.FileDispatcherImpl.read0(Native Method)
	at sun.nio.ch.SocketDispatcher.read(SocketDispatcher.java:39)
	at sun.nio.ch.IOUtil.readIntoNativeBuffer(IOUtil.java:223)
	at sun.nio.ch.IOUtil.read(IOUtil.java:192)
	at sun.nio.ch.SocketChannelImpl.read(SocketChannelImpl.java:379)
	at org.elasticsearch.common.netty.channel.socket.nio.NioWorker.read(NioWorker.java:64)
	at org.elasticsearch.common.netty.channel.socket.nio.AbstractNioWorker.process(AbstractNioWorker.java:108)
	at org.elasticsearch.common.netty.channel.socket.nio.AbstractNioSelector.run(AbstractNioSelector.java:337)
	at org.elasticsearch.common.netty.channel.socket.nio.AbstractNioWorker.run(AbstractNioWorker.java:89)
	at org.elasticsearch.common.netty.channel.socket.nio.NioWorker.run(NioWorker.java:178)
	at org.elasticsearch.common.netty.util.ThreadRenamingRunnable.run(ThreadRenamingRunnable.java:108)
	at org.elasticsearch.common.netty.util.internal.DeadLockProofWorker$1.run(DeadLockProofWorker.java:42)
	at java.util.concurrent.ThreadPoolExecutor.runWorker(ThreadPoolExecutor.java:1142)
	at java.util.concurrent.ThreadPoolExecutor$Worker.run(ThreadPoolExecutor.java:617)
	at java.lang.Thread.run(Thread.java:745)
[2015-07-15 23:40:47,048][WARN ][transport.netty          ] [Shadrac] exception caught on transport layer [[id: 0xfc590743, /10.2.21.41:62630 => /10.2.21.41:9300]], closing connection
java.io.IOException: Operation timed out
	at sun.nio.ch.FileDispatcherImpl.read0(Native Method)
	at sun.nio.ch.SocketDispatcher.read(SocketDispatcher.java:39)
	at sun.nio.ch.IOUtil.readIntoNativeBuffer(IOUtil.java:223)
	at sun.nio.ch.IOUtil.read(IOUtil.java:192)
	at sun.nio.ch.SocketChannelImpl.read(SocketChannelImpl.java:379)
	at org.elasticsearch.common.netty.channel.socket.nio.NioWorker.read(NioWorker.java:64)
	at org.elasticsearch.common.netty.channel.socket.nio.AbstractNioWorker.process(AbstractNioWorker.java:108)
	at org.elasticsearch.common.netty.channel.socket.nio.AbstractNioSelector.run(AbstractNioSelector.java:337)
	at org.elasticsearch.common.netty.channel.socket.nio.AbstractNioWorker.run(AbstractNioWorker.java:89)
	at org.elasticsearch.common.netty.channel.socket.nio.NioWorker.run(NioWorker.java:178)
	at org.elasticsearch.common.netty.util.ThreadRenamingRunnable.run(ThreadRenamingRunnable.java:108)
	at org.elasticsearch.common.netty.util.internal.DeadLockProofWorker$1.run(DeadLockProofWorker.java:42)
	at java.util.concurrent.ThreadPoolExecutor.runWorker(ThreadPoolExecutor.java:1142)
	at java.util.concurrent.ThreadPoolExecutor$Worker.run(ThreadPoolExecutor.java:617)
	at java.lang.Thread.run(Thread.java:745)
[2015-07-15 23:40:47,040][WARN ][transport.netty          ] [Shadrac] exception caught on transport layer [[id: 0x2dde89eb, /10.2.21.41:62633 => /10.2.21.41:9300]], closing connection
java.io.IOException: Operation timed out
	at sun.nio.ch.FileDispatcherImpl.read0(Native Method)
	at sun.nio.ch.SocketDispatcher.read(SocketDispatcher.java:39)
	at sun.nio.ch.IOUtil.readIntoNativeBuffer(IOUtil.java:223)
	at sun.nio.ch.IOUtil.read(IOUtil.java:192)
	at sun.nio.ch.SocketChannelImpl.read(SocketChannelImpl.java:379)
	at org.elasticsearch.common.netty.channel.socket.nio.NioWorker.read(NioWorker.java:64)
	at org.elasticsearch.common.netty.channel.socket.nio.AbstractNioWorker.process(AbstractNioWorker.java:108)
	at org.elasticsearch.common.netty.channel.socket.nio.AbstractNioSelector.run(AbstractNioSelector.java:337)
	at org.elasticsearch.common.netty.channel.socket.nio.AbstractNioWorker.run(AbstractNioWorker.java:89)
	at org.elasticsearch.common.netty.channel.socket.nio.NioWorker.run(NioWorker.java:178)
	at org.elasticsearch.common.netty.util.ThreadRenamingRunnable.run(ThreadRenamingRunnable.java:108)
	at org.elasticsearch.common.netty.util.internal.DeadLockProofWorker$1.run(DeadLockProofWorker.java:42)
	at java.util.concurrent.ThreadPoolExecutor.runWorker(ThreadPoolExecutor.java:1142)
	at java.util.concurrent.ThreadPoolExecutor$Worker.run(ThreadPoolExecutor.java:617)
	at java.lang.Thread.run(Thread.java:745)
[2015-07-15 23:40:47,050][WARN ][transport.netty          ] [Shadrac] exception caught on transport layer [[id: 0x60a30112, /10.2.21.41:62641 => /10.2.21.41:9300]], closing connection
java.io.IOException: Operation timed out
	at sun.nio.ch.FileDispatcherImpl.read0(Native Method)
	at sun.nio.ch.SocketDispatcher.read(SocketDispatcher.java:39)
	at sun.nio.ch.IOUtil.readIntoNativeBuffer(IOUtil.java:223)
	at sun.nio.ch.IOUtil.read(IOUtil.java:192)
	at sun.nio.ch.SocketChannelImpl.read(SocketChannelImpl.java:379)
	at org.elasticsearch.common.netty.channel.socket.nio.NioWorker.read(NioWorker.java:64)
	at org.elasticsearch.common.netty.channel.socket.nio.AbstractNioWorker.process(AbstractNioWorker.java:108)
	at org.elasticsearch.common.netty.channel.socket.nio.AbstractNioSelector.run(AbstractNioSelector.java:337)
	at org.elasticsearch.common.netty.channel.socket.nio.AbstractNioWorker.run(AbstractNioWorker.java:89)
	at org.elasticsearch.common.netty.channel.socket.nio.NioWorker.run(NioWorker.java:178)
	at org.elasticsearch.common.netty.util.ThreadRenamingRunnable.run(ThreadRenamingRunnable.java:108)
	at org.elasticsearch.common.netty.util.internal.DeadLockProofWorker$1.run(DeadLockProofWorker.java:42)
	at java.util.concurrent.ThreadPoolExecutor.runWorker(ThreadPoolExecutor.java:1142)
	at java.util.concurrent.ThreadPoolExecutor$Worker.run(ThreadPoolExecutor.java:617)
	at java.lang.Thread.run(Thread.java:745)
[2015-07-15 23:40:47,040][WARN ][transport.netty          ] [Shadrac] exception caught on transport layer [[id: 0x7980a125, /10.2.21.41:62629 => /10.2.21.41:9300]], closing connection
java.io.IOException: Operation timed out
	at sun.nio.ch.FileDispatcherImpl.read0(Native Method)
	at sun.nio.ch.SocketDispatcher.read(SocketDispatcher.java:39)
	at sun.nio.ch.IOUtil.readIntoNativeBuffer(IOUtil.java:223)
	at sun.nio.ch.IOUtil.read(IOUtil.java:192)
	at sun.nio.ch.SocketChannelImpl.read(SocketChannelImpl.java:379)
	at org.elasticsearch.common.netty.channel.socket.nio.NioWorker.read(NioWorker.java:64)
	at org.elasticsearch.common.netty.channel.socket.nio.AbstractNioWorker.process(AbstractNioWorker.java:108)
	at org.elasticsearch.common.netty.channel.socket.nio.AbstractNioSelector.run(AbstractNioSelector.java:337)
	at org.elasticsearch.common.netty.channel.socket.nio.AbstractNioWorker.run(AbstractNioWorker.java:89)
	at org.elasticsearch.common.netty.channel.socket.nio.NioWorker.run(NioWorker.java:178)
	at org.elasticsearch.common.netty.util.ThreadRenamingRunnable.run(ThreadRenamingRunnable.java:108)
	at org.elasticsearch.common.netty.util.internal.DeadLockProofWorker$1.run(DeadLockProofWorker.java:42)
	at java.util.concurrent.ThreadPoolExecutor.runWorker(ThreadPoolExecutor.java:1142)
	at java.util.concurrent.ThreadPoolExecutor$Worker.run(ThreadPoolExecutor.java:617)
	at java.lang.Thread.run(Thread.java:745)
[2015-07-15 23:40:47,040][WARN ][transport.netty          ] [Shadrac] exception caught on transport layer [[id: 0xbe6a004a, /10.2.21.41:62629 => /10.2.21.41:9300]], closing connection
java.io.IOException: Operation timed out
	at sun.nio.ch.FileDispatcherImpl.read0(Native Method)
	at sun.nio.ch.SocketDispatcher.read(SocketDispatcher.java:39)
	at sun.nio.ch.IOUtil.readIntoNativeBuffer(IOUtil.java:223)
	at sun.nio.ch.IOUtil.read(IOUtil.java:192)
	at sun.nio.ch.SocketChannelImpl.read(SocketChannelImpl.java:379)
	at org.elasticsearch.common.netty.channel.socket.nio.NioWorker.read(NioWorker.java:64)
	at org.elasticsearch.common.netty.channel.socket.nio.AbstractNioWorker.process(AbstractNioWorker.java:108)
	at org.elasticsearch.common.netty.channel.socket.nio.AbstractNioSelector.run(AbstractNioSelector.java:337)
	at org.elasticsearch.common.netty.channel.socket.nio.AbstractNioWorker.run(AbstractNioWorker.java:89)
	at org.elasticsearch.common.netty.channel.socket.nio.NioWorker.run(NioWorker.java:178)
	at org.elasticsearch.common.netty.util.ThreadRenamingRunnable.run(ThreadRenamingRunnable.java:108)
	at org.elasticsearch.common.netty.util.internal.DeadLockProofWorker$1.run(DeadLockProofWorker.java:42)
	at java.util.concurrent.ThreadPoolExecutor.runWorker(ThreadPoolExecutor.java:1142)
	at java.util.concurrent.ThreadPoolExecutor$Worker.run(ThreadPoolExecutor.java:617)
	at java.lang.Thread.run(Thread.java:745)
[2015-07-15 23:40:47,040][WARN ][transport.netty          ] [Shadrac] exception caught on transport layer [[id: 0xd128af17, /10.2.21.41:62634 => /10.2.21.41:9300]], closing connection
java.io.IOException: Operation timed out
	at sun.nio.ch.FileDispatcherImpl.read0(Native Method)
	at sun.nio.ch.SocketDispatcher.read(SocketDispatcher.java:39)
	at sun.nio.ch.IOUtil.readIntoNativeBuffer(IOUtil.java:223)
	at sun.nio.ch.IOUtil.read(IOUtil.java:192)
	at sun.nio.ch.SocketChannelImpl.read(SocketChannelImpl.java:379)
	at org.elasticsearch.common.netty.channel.socket.nio.NioWorker.read(NioWorker.java:64)
	at org.elasticsearch.common.netty.channel.socket.nio.AbstractNioWorker.process(AbstractNioWorker.java:108)
	at org.elasticsearch.common.netty.channel.socket.nio.AbstractNioSelector.run(AbstractNioSelector.java:337)
	at org.elasticsearch.common.netty.channel.socket.nio.AbstractNioWorker.run(AbstractNioWorker.java:89)
	at org.elasticsearch.common.netty.channel.socket.nio.NioWorker.run(NioWorker.java:178)
	at org.elasticsearch.common.netty.util.ThreadRenamingRunnable.run(ThreadRenamingRunnable.java:108)
	at org.elasticsearch.common.netty.util.internal.DeadLockProofWorker$1.run(DeadLockProofWorker.java:42)
	at java.util.concurrent.ThreadPoolExecutor.runWorker(ThreadPoolExecutor.java:1142)
	at java.util.concurrent.ThreadPoolExecutor$Worker.run(ThreadPoolExecutor.java:617)
	at java.lang.Thread.run(Thread.java:745)
[2015-07-15 23:40:47,045][WARN ][transport.netty          ] [Shadrac] exception caught on transport layer [[id: 0x3933d77e, /10.2.21.41:62639 => /10.2.21.41:9300]], closing connection
java.io.IOException: Operation timed out
	at sun.nio.ch.FileDispatcherImpl.read0(Native Method)
	at sun.nio.ch.SocketDispatcher.read(SocketDispatcher.java:39)
	at sun.nio.ch.IOUtil.readIntoNativeBuffer(IOUtil.java:223)
	at sun.nio.ch.IOUtil.read(IOUtil.java:192)
	at sun.nio.ch.SocketChannelImpl.read(SocketChannelImpl.java:379)
	at org.elasticsearch.common.netty.channel.socket.nio.NioWorker.read(NioWorker.java:64)
	at org.elasticsearch.common.netty.channel.socket.nio.AbstractNioWorker.process(AbstractNioWorker.java:108)
	at org.elasticsearch.common.netty.channel.socket.nio.AbstractNioSelector.run(AbstractNioSelector.java:337)
	at org.elasticsearch.common.netty.channel.socket.nio.AbstractNioWorker.run(AbstractNioWorker.java:89)
	at org.elasticsearch.common.netty.channel.socket.nio.NioWorker.run(NioWorker.java:178)
	at org.elasticsearch.common.netty.util.ThreadRenamingRunnable.run(ThreadRenamingRunnable.java:108)
	at org.elasticsearch.common.netty.util.internal.DeadLockProofWorker$1.run(DeadLockProofWorker.java:42)
	at java.util.concurrent.ThreadPoolExecutor.runWorker(ThreadPoolExecutor.java:1142)
	at java.util.concurrent.ThreadPoolExecutor$Worker.run(ThreadPoolExecutor.java:617)
	at java.lang.Thread.run(Thread.java:745)
[2015-07-15 23:40:47,043][WARN ][transport.netty          ] [Shadrac] exception caught on transport layer [[id: 0x54c5e17e, /10.2.21.41:62640 => /10.2.21.41:9300]], closing connection
java.io.IOException: Operation timed out
	at sun.nio.ch.FileDispatcherImpl.read0(Native Method)
	at sun.nio.ch.SocketDispatcher.read(SocketDispatcher.java:39)
	at sun.nio.ch.IOUtil.readIntoNativeBuffer(IOUtil.java:223)
	at sun.nio.ch.IOUtil.read(IOUtil.java:192)
	at sun.nio.ch.SocketChannelImpl.read(SocketChannelImpl.java:379)
	at org.elasticsearch.common.netty.channel.socket.nio.NioWorker.read(NioWorker.java:64)
	at org.elasticsearch.common.netty.channel.socket.nio.AbstractNioWorker.process(AbstractNioWorker.java:108)
	at org.elasticsearch.common.netty.channel.socket.nio.AbstractNioSelector.run(AbstractNioSelector.java:337)
	at org.elasticsearch.common.netty.channel.socket.nio.AbstractNioWorker.run(AbstractNioWorker.java:89)
	at org.elasticsearch.common.netty.channel.socket.nio.NioWorker.run(NioWorker.java:178)
	at org.elasticsearch.common.netty.util.ThreadRenamingRunnable.run(ThreadRenamingRunnable.java:108)
	at org.elasticsearch.common.netty.util.internal.DeadLockProofWorker$1.run(DeadLockProofWorker.java:42)
	at java.util.concurrent.ThreadPoolExecutor.runWorker(ThreadPoolExecutor.java:1142)
	at java.util.concurrent.ThreadPoolExecutor$Worker.run(ThreadPoolExecutor.java:617)
	at java.lang.Thread.run(Thread.java:745)
[2015-07-15 23:40:47,043][WARN ][transport.netty          ] [Shadrac] exception caught on transport layer [[id: 0x9f980338, /10.2.21.41:62639 => /10.2.21.41:9300]], closing connection
java.io.IOException: Operation timed out
	at sun.nio.ch.FileDispatcherImpl.read0(Native Method)
	at sun.nio.ch.SocketDispatcher.read(SocketDispatcher.java:39)
	at sun.nio.ch.IOUtil.readIntoNativeBuffer(IOUtil.java:223)
	at sun.nio.ch.IOUtil.read(IOUtil.java:192)
	at sun.nio.ch.SocketChannelImpl.read(SocketChannelImpl.java:379)
	at org.elasticsearch.common.netty.channel.socket.nio.NioWorker.read(NioWorker.java:64)
	at org.elasticsearch.common.netty.channel.socket.nio.AbstractNioWorker.process(AbstractNioWorker.java:108)
	at org.elasticsearch.common.netty.channel.socket.nio.AbstractNioSelector.run(AbstractNioSelector.java:337)
	at org.elasticsearch.common.netty.channel.socket.nio.AbstractNioWorker.run(AbstractNioWorker.java:89)
	at org.elasticsearch.common.netty.channel.socket.nio.NioWorker.run(NioWorker.java:178)
	at org.elasticsearch.common.netty.util.ThreadRenamingRunnable.run(ThreadRenamingRunnable.java:108)
	at org.elasticsearch.common.netty.util.internal.DeadLockProofWorker$1.run(DeadLockProofWorker.java:42)
	at java.util.concurrent.ThreadPoolExecutor.runWorker(ThreadPoolExecutor.java:1142)
	at java.util.concurrent.ThreadPoolExecutor$Worker.run(ThreadPoolExecutor.java:617)
	at java.lang.Thread.run(Thread.java:745)
[2015-07-15 23:40:47,043][WARN ][transport.netty          ] [Shadrac] exception caught on transport layer [[id: 0xc65de796, /10.2.21.41:62641 => /10.2.21.41:9300]], closing connection
java.io.IOException: Operation timed out
	at sun.nio.ch.FileDispatcherImpl.read0(Native Method)
	at sun.nio.ch.SocketDispatcher.read(SocketDispatcher.java:39)
	at sun.nio.ch.IOUtil.readIntoNativeBuffer(IOUtil.java:223)
	at sun.nio.ch.IOUtil.read(IOUtil.java:192)
	at sun.nio.ch.SocketChannelImpl.read(SocketChannelImpl.java:379)
	at org.elasticsearch.common.netty.channel.socket.nio.NioWorker.read(NioWorker.java:64)
	at org.elasticsearch.common.netty.channel.socket.nio.AbstractNioWorker.process(AbstractNioWorker.java:108)
	at org.elasticsearch.common.netty.channel.socket.nio.AbstractNioSelector.run(AbstractNioSelector.java:337)
	at org.elasticsearch.common.netty.channel.socket.nio.AbstractNioWorker.run(AbstractNioWorker.java:89)
	at org.elasticsearch.common.netty.channel.socket.nio.NioWorker.run(NioWorker.java:178)
	at org.elasticsearch.common.netty.util.ThreadRenamingRunnable.run(ThreadRenamingRunnable.java:108)
	at org.elasticsearch.common.netty.util.internal.DeadLockProofWorker$1.run(DeadLockProofWorker.java:42)
	at java.util.concurrent.ThreadPoolExecutor.runWorker(ThreadPoolExecutor.java:1142)
	at java.util.concurrent.ThreadPoolExecutor$Worker.run(ThreadPoolExecutor.java:617)
	at java.lang.Thread.run(Thread.java:745)
[2015-07-15 23:40:47,069][WARN ][transport.netty          ] [Shadrac] exception caught on transport layer [[id: 0xd8e3b9f5, /10.2.21.41:62635 => /10.2.21.41:9300]], closing connection
java.io.IOException: Operation timed out
	at sun.nio.ch.FileDispatcherImpl.read0(Native Method)
	at sun.nio.ch.SocketDispatcher.read(SocketDispatcher.java:39)
	at sun.nio.ch.IOUtil.readIntoNativeBuffer(IOUtil.java:223)
	at sun.nio.ch.IOUtil.read(IOUtil.java:192)
	at sun.nio.ch.SocketChannelImpl.read(SocketChannelImpl.java:379)
	at org.elasticsearch.common.netty.channel.socket.nio.NioWorker.read(NioWorker.java:64)
	at org.elasticsearch.common.netty.channel.socket.nio.AbstractNioWorker.process(AbstractNioWorker.java:108)
	at org.elasticsearch.common.netty.channel.socket.nio.AbstractNioSelector.run(AbstractNioSelector.java:337)
	at org.elasticsearch.common.netty.channel.socket.nio.AbstractNioWorker.run(AbstractNioWorker.java:89)
	at org.elasticsearch.common.netty.channel.socket.nio.NioWorker.run(NioWorker.java:178)
	at org.elasticsearch.common.netty.util.ThreadRenamingRunnable.run(ThreadRenamingRunnable.java:108)
	at org.elasticsearch.common.netty.util.internal.DeadLockProofWorker$1.run(DeadLockProofWorker.java:42)
	at java.util.concurrent.ThreadPoolExecutor.runWorker(ThreadPoolExecutor.java:1142)
	at java.util.concurrent.ThreadPoolExecutor$Worker.run(ThreadPoolExecutor.java:617)
	at java.lang.Thread.run(Thread.java:745)
[2015-07-15 23:40:48,469][WARN ][transport.netty          ] [Shadrac] exception caught on transport layer [[id: 0xe17e37fb, /10.2.21.41:62636 => /10.2.21.41:9300]], closing connection
java.io.IOException: Operation timed out
	at sun.nio.ch.FileDispatcherImpl.read0(Native Method)
	at sun.nio.ch.SocketDispatcher.read(SocketDispatcher.java:39)
	at sun.nio.ch.IOUtil.readIntoNativeBuffer(IOUtil.java:223)
	at sun.nio.ch.IOUtil.read(IOUtil.java:192)
	at sun.nio.ch.SocketChannelImpl.read(SocketChannelImpl.java:379)
	at org.elasticsearch.common.netty.channel.socket.nio.NioWorker.read(NioWorker.java:64)
	at org.elasticsearch.common.netty.channel.socket.nio.AbstractNioWorker.process(AbstractNioWorker.java:108)
	at org.elasticsearch.common.netty.channel.socket.nio.AbstractNioSelector.run(AbstractNioSelector.java:337)
	at org.elasticsearch.common.netty.channel.socket.nio.AbstractNioWorker.run(AbstractNioWorker.java:89)
	at org.elasticsearch.common.netty.channel.socket.nio.NioWorker.run(NioWorker.java:178)
	at org.elasticsearch.common.netty.util.ThreadRenamingRunnable.run(ThreadRenamingRunnable.java:108)
	at org.elasticsearch.common.netty.util.internal.DeadLockProofWorker$1.run(DeadLockProofWorker.java:42)
	at java.util.concurrent.ThreadPoolExecutor.runWorker(ThreadPoolExecutor.java:1142)
	at java.util.concurrent.ThreadPoolExecutor$Worker.run(ThreadPoolExecutor.java:617)
	at java.lang.Thread.run(Thread.java:745)
[2015-07-15 23:40:49,973][WARN ][transport.netty          ] [Shadrac] exception caught on transport layer [[id: 0x1abbf931, /10.2.21.41:62637 => /10.2.21.41:9300]], closing connection
java.io.IOException: Operation timed out
	at sun.nio.ch.FileDispatcherImpl.read0(Native Method)
	at sun.nio.ch.SocketDispatcher.read(SocketDispatcher.java:39)
	at sun.nio.ch.IOUtil.readIntoNativeBuffer(IOUtil.java:223)
	at sun.nio.ch.IOUtil.read(IOUtil.java:192)
	at sun.nio.ch.SocketChannelImpl.read(SocketChannelImpl.java:379)
	at org.elasticsearch.common.netty.channel.socket.nio.NioWorker.read(NioWorker.java:64)
	at org.elasticsearch.common.netty.channel.socket.nio.AbstractNioWorker.process(AbstractNioWorker.java:108)
	at org.elasticsearch.common.netty.channel.socket.nio.AbstractNioSelector.run(AbstractNioSelector.java:337)
	at org.elasticsearch.common.netty.channel.socket.nio.AbstractNioWorker.run(AbstractNioWorker.java:89)
	at org.elasticsearch.common.netty.channel.socket.nio.NioWorker.run(NioWorker.java:178)
	at org.elasticsearch.common.netty.util.ThreadRenamingRunnable.run(ThreadRenamingRunnable.java:108)
	at org.elasticsearch.common.netty.util.internal.DeadLockProofWorker$1.run(DeadLockProofWorker.java:42)
	at java.util.concurrent.ThreadPoolExecutor.runWorker(ThreadPoolExecutor.java:1142)
	at java.util.concurrent.ThreadPoolExecutor$Worker.run(ThreadPoolExecutor.java:617)
	at java.lang.Thread.run(Thread.java:745)
[2015-07-15 23:44:37,868][WARN ][cluster.service          ] [Shadrac] failed to reconnect to node [Shadrac][KuYCgqRrTg6OgdHbiHjPig][xurenludeMacBook-Pro.local][inet[/10.2.21.41:9300]]
org.elasticsearch.transport.ConnectTransportException: [Shadrac][inet[/10.2.21.41:9300]] connect_timeout[30s]
	at org.elasticsearch.transport.netty.NettyTransport.connectToChannels(NettyTransport.java:825)
	at org.elasticsearch.transport.netty.NettyTransport.connectToNode(NettyTransport.java:758)
	at org.elasticsearch.transport.netty.NettyTransport.connectToNode(NettyTransport.java:731)
	at org.elasticsearch.transport.TransportService.connectToNode(TransportService.java:216)
	at org.elasticsearch.cluster.service.InternalClusterService$ReconnectToNodes.run(InternalClusterService.java:584)
	at java.util.concurrent.ThreadPoolExecutor.runWorker(ThreadPoolExecutor.java:1142)
	at java.util.concurrent.ThreadPoolExecutor$Worker.run(ThreadPoolExecutor.java:617)
	at java.lang.Thread.run(Thread.java:745)
Caused by: org.elasticsearch.common.netty.channel.ConnectTimeoutException: connection timed out: /10.2.21.41:9300
	at org.elasticsearch.common.netty.channel.socket.nio.NioClientBoss.processConnectTimeout(NioClientBoss.java:139)
	at org.elasticsearch.common.netty.channel.socket.nio.NioClientBoss.process(NioClientBoss.java:83)
	at org.elasticsearch.common.netty.channel.socket.nio.AbstractNioSelector.run(AbstractNioSelector.java:337)
	at org.elasticsearch.common.netty.channel.socket.nio.NioClientBoss.run(NioClientBoss.java:42)
	at org.elasticsearch.common.netty.util.ThreadRenamingRunnable.run(ThreadRenamingRunnable.java:108)
	at org.elasticsearch.common.netty.util.internal.DeadLockProofWorker$1.run(DeadLockProofWorker.java:42)
	... 3 more
[2015-07-15 23:48:38,475][WARN ][cluster.service          ] [Shadrac] failed to reconnect to node [Shadrac][KuYCgqRrTg6OgdHbiHjPig][xurenludeMacBook-Pro.local][inet[/10.2.21.41:9300]]
org.elasticsearch.transport.ConnectTransportException: [Shadrac][inet[/10.2.21.41:9300]] connect_timeout[30s]
	at org.elasticsearch.transport.netty.NettyTransport.connectToChannels(NettyTransport.java:825)
	at org.elasticsearch.transport.netty.NettyTransport.connectToNode(NettyTransport.java:758)
	at org.elasticsearch.transport.netty.NettyTransport.connectToNode(NettyTransport.java:731)
	at org.elasticsearch.transport.TransportService.connectToNode(TransportService.java:216)
	at org.elasticsearch.cluster.service.InternalClusterService$ReconnectToNodes.run(InternalClusterService.java:584)
	at java.util.concurrent.ThreadPoolExecutor.runWorker(ThreadPoolExecutor.java:1142)
	at java.util.concurrent.ThreadPoolExecutor$Worker.run(ThreadPoolExecutor.java:617)
	at java.lang.Thread.run(Thread.java:745)
Caused by: org.elasticsearch.common.netty.channel.ConnectTimeoutException: connection timed out: /10.2.21.41:9300
	at org.elasticsearch.common.netty.channel.socket.nio.NioClientBoss.processConnectTimeout(NioClientBoss.java:139)
	at org.elasticsearch.common.netty.channel.socket.nio.NioClientBoss.process(NioClientBoss.java:83)
	at org.elasticsearch.common.netty.channel.socket.nio.AbstractNioSelector.run(AbstractNioSelector.java:337)
	at org.elasticsearch.common.netty.channel.socket.nio.NioClientBoss.run(NioClientBoss.java:42)
	at org.elasticsearch.common.netty.util.ThreadRenamingRunnable.run(ThreadRenamingRunnable.java:108)
	at org.elasticsearch.common.netty.util.internal.DeadLockProofWorker$1.run(DeadLockProofWorker.java:42)
	... 3 more
[2015-07-15 23:52:39,086][WARN ][cluster.service          ] [Shadrac] failed to reconnect to node [Shadrac][KuYCgqRrTg6OgdHbiHjPig][xurenludeMacBook-Pro.local][inet[/10.2.21.41:9300]]
org.elasticsearch.transport.ConnectTransportException: [Shadrac][inet[/10.2.21.41:9300]] connect_timeout[30s]
	at org.elasticsearch.transport.netty.NettyTransport.connectToChannels(NettyTransport.java:825)
	at org.elasticsearch.transport.netty.NettyTransport.connectToNode(NettyTransport.java:758)
	at org.elasticsearch.transport.netty.NettyTransport.connectToNode(NettyTransport.java:731)
	at org.elasticsearch.transport.TransportService.connectToNode(TransportService.java:216)
	at org.elasticsearch.cluster.service.InternalClusterService$ReconnectToNodes.run(InternalClusterService.java:584)
	at java.util.concurrent.ThreadPoolExecutor.runWorker(ThreadPoolExecutor.java:1142)
	at java.util.concurrent.ThreadPoolExecutor$Worker.run(ThreadPoolExecutor.java:617)
	at java.lang.Thread.run(Thread.java:745)
Caused by: org.elasticsearch.common.netty.channel.ConnectTimeoutException: connection timed out: /10.2.21.41:9300
	at org.elasticsearch.common.netty.channel.socket.nio.NioClientBoss.processConnectTimeout(NioClientBoss.java:139)
	at org.elasticsearch.common.netty.channel.socket.nio.NioClientBoss.process(NioClientBoss.java:83)
	at org.elasticsearch.common.netty.channel.socket.nio.AbstractNioSelector.run(AbstractNioSelector.java:337)
	at org.elasticsearch.common.netty.channel.socket.nio.NioClientBoss.run(NioClientBoss.java:42)
	at org.elasticsearch.common.netty.util.ThreadRenamingRunnable.run(ThreadRenamingRunnable.java:108)
	at org.elasticsearch.common.netty.util.internal.DeadLockProofWorker$1.run(DeadLockProofWorker.java:42)
	... 3 more
